{"/Users/simonbishop/Documents/Projects/happn-service-mongo-2/silence.js":{"path":"/Users/simonbishop/Documents/Projects/happn-service-mongo-2/silence.js","s":{"1":1},"b":{"1":[1,1]},"f":{},"fnMap":{},"statementMap":{"1":{"start":{"line":3,"column":0},"end":{"line":3,"column":55}}},"branchMap":{"1":{"line":3,"type":"binary-expr","locations":[{"start":{"line":3,"column":24},"end":{"line":3,"column":45}},{"start":{"line":3,"column":49},"end":{"line":3,"column":54}}]}}},"/Users/simonbishop/Documents/Projects/happn-service-mongo-2/index.js":{"path":"/Users/simonbishop/Documents/Projects/happn-service-mongo-2/index.js","s":{"1":1,"2":1,"3":4,"4":4,"5":0,"6":4,"7":4,"8":4,"9":4,"10":1,"11":1,"12":4,"13":3,"14":4,"15":4,"16":0,"17":1,"18":1,"19":20,"20":20,"21":0,"22":20,"23":20,"24":1,"25":3,"26":3,"27":0,"28":3,"29":3,"30":1,"31":0,"32":0,"33":0,"34":0,"35":0,"36":1,"37":71,"38":23,"39":71,"40":71,"41":70,"42":0,"43":70,"44":70,"45":1,"46":0,"47":0,"48":1,"49":7,"50":7,"51":7,"52":7,"53":7,"54":7,"55":7,"56":7,"57":16,"58":7,"59":16,"60":16,"61":5,"62":16,"63":16,"64":16,"65":16,"66":16,"67":16,"68":16,"69":16,"70":7,"71":16,"72":10,"73":10,"74":10,"75":10,"76":16,"77":3,"78":16,"79":16,"80":0,"81":16,"82":16,"83":7,"84":0,"85":7,"86":418,"87":915,"88":35,"89":383,"90":7,"91":1,"92":10,"93":0,"94":10,"95":10,"96":0,"97":10,"98":10,"99":0,"100":10,"101":10,"102":1,"103":0,"104":0,"105":0,"106":0,"107":0,"108":1,"109":12,"110":12,"111":0,"112":12,"113":1,"114":8,"115":1,"116":4,"117":4,"118":0,"119":4,"120":4,"121":4,"122":1,"123":4,"124":0,"125":0,"126":0,"127":0,"128":0,"129":0,"130":0,"131":4,"132":1,"133":16,"134":120,"135":120,"136":0,"137":120,"138":52,"139":68,"140":52,"141":24,"142":28,"143":0,"144":28,"145":0,"146":28,"147":2,"148":26,"149":0,"150":0,"151":26,"152":0,"153":0,"154":26,"155":26,"156":16,"157":1,"158":29,"159":23,"160":6,"161":6,"162":6,"163":0,"164":1,"165":53,"166":53,"167":43,"168":10,"169":1,"170":65,"171":65,"172":0,"173":65,"174":36,"175":29,"176":1,"177":53,"178":53,"179":53,"180":3,"181":3,"182":53,"183":53,"184":20,"185":33,"186":22,"187":11,"188":1,"189":10,"190":0,"191":0,"192":0,"193":53,"194":53,"195":53,"196":0,"197":53,"198":24,"199":4,"200":20,"201":29,"202":29,"203":0,"204":29,"205":8,"206":29,"207":1,"208":28,"209":0,"210":1,"211":340,"212":340,"213":0,"214":0,"215":340,"216":340,"217":336,"218":340,"219":4,"220":4,"221":4,"222":340,"223":340,"224":4,"225":0,"226":4,"227":4,"228":340,"229":12,"230":12,"231":0,"232":12,"233":0,"234":0,"235":12,"236":24,"237":16,"238":12,"239":12,"240":12,"241":12,"242":12,"243":328,"244":1,"245":622,"246":622,"247":622,"248":622,"249":601,"250":622,"251":620,"252":622,"253":0,"254":622,"255":622,"256":622,"257":622,"258":7,"259":622,"260":0,"261":0,"262":0,"263":622,"264":1,"265":29,"266":29,"267":263,"268":1,"269":340,"270":6,"271":340,"272":0,"273":340,"274":1,"275":344,"276":344,"277":344,"278":4,"279":340,"280":340,"281":4,"282":340,"283":0,"284":340,"285":4,"286":4,"287":0,"288":4,"289":336,"290":0,"291":0,"292":0,"293":0,"294":336,"295":335,"296":0,"297":335,"298":1,"299":12,"300":12,"301":0,"302":12,"303":1,"304":0,"305":0,"306":1,"307":0,"308":0,"309":1,"310":0,"311":0,"312":1},"b":{"1":[0,4],"2":[4,0],"3":[3,1],"4":[0,20],"5":[0,3],"6":[0,0],"7":[23,48],"8":[0,70],"9":[7,9],"10":[5,11],"11":[16,0],"12":[7,9],"13":[10,0],"14":[3,13],"15":[0,16],"16":[0,7],"17":[35,880],"18":[0,10],"19":[0,10],"20":[0,10],"21":[0,0],"22":[12,12],"23":[0,12],"24":[0,4],"25":[0,4],"26":[0,0],"27":[0,0],"28":[120,0],"29":[0,120],"30":[52,68],"31":[120,104],"32":[52,16],"33":[24,28],"34":[0,28],"35":[0,28],"36":[2,26],"37":[0,26],"38":[0,26],"39":[23,6],"40":[43,10],"41":[0,65],"42":[36,29],"43":[3,50],"44":[20,33],"45":[22,11],"46":[1,10],"47":[0,10],"48":[0,53],"49":[24,29],"50":[4,20],"51":[0,29],"52":[8,21],"53":[1,28],"54":[0,340],"55":[330,10],"56":[336,4],"57":[4,336],"58":[4,0],"59":[4,336],"60":[0,4],"61":[12,328],"62":[0,12],"63":[0,12],"64":[16,8],"65":[622,0],"66":[601,21],"67":[620,2],"68":[0,622],"69":[7,615],"70":[0,622],"71":[0,0],"72":[6,334],"73":[340,338,338,338],"74":[0,340],"75":[340,0],"76":[4,340],"77":[4,336],"78":[0,340],"79":[340,336],"80":[4,336],"81":[0,4],"82":[0,336],"83":[0,0],"84":[0,335],"85":[0,12]},"f":{"1":4,"2":4,"3":20,"4":20,"5":3,"6":3,"7":0,"8":0,"9":71,"10":70,"11":0,"12":7,"13":16,"14":10,"15":16,"16":7,"17":418,"18":10,"19":0,"20":12,"21":12,"22":8,"23":4,"24":4,"25":0,"26":16,"27":120,"28":29,"29":53,"30":65,"31":53,"32":53,"33":29,"34":340,"35":12,"36":622,"37":29,"38":263,"39":340,"40":344,"41":4,"42":0,"43":335,"44":12,"45":12,"46":0,"47":0,"48":0},"fnMap":{"1":{"name":"DataMongoService","line":10,"loc":{"start":{"line":10,"column":0},"end":{"line":10,"column":32}}},"2":{"name":"(anonymous_2)","line":31,"loc":{"start":{"line":31,"column":34},"end":{"line":31,"column":63}}},"3":{"name":"(anonymous_3)","line":45,"loc":{"start":{"line":45,"column":53},"end":{"line":45,"column":80}}},"4":{"name":"(anonymous_4)","line":47,"loc":{"start":{"line":47,"column":65},"end":{"line":47,"column":86}}},"5":{"name":"(anonymous_5)","line":57,"loc":{"start":{"line":57,"column":56},"end":{"line":57,"column":83}}},"6":{"name":"(anonymous_6)","line":59,"loc":{"start":{"line":59,"column":68},"end":{"line":59,"column":89}}},"7":{"name":"(anonymous_7)","line":69,"loc":{"start":{"line":69,"column":55},"end":{"line":69,"column":82}}},"8":{"name":"(anonymous_8)","line":72,"loc":{"start":{"line":72,"column":90},"end":{"line":72,"column":111}}},"9":{"name":"(anonymous_9)","line":82,"loc":{"start":{"line":82,"column":61},"end":{"line":82,"column":88}}},"10":{"name":"(anonymous_10)","line":88,"loc":{"start":{"line":88,"column":90},"end":{"line":88,"column":111}}},"11":{"name":"(anonymous_11)","line":98,"loc":{"start":{"line":98,"column":57},"end":{"line":98,"column":84}}},"12":{"name":"(anonymous_12)","line":105,"loc":{"start":{"line":105,"column":40},"end":{"line":105,"column":68}}},"13":{"name":"(anonymous_13)","line":121,"loc":{"start":{"line":121,"column":44},"end":{"line":121,"column":88}}},"14":{"name":"(anonymous_14)","line":144,"loc":{"start":{"line":144,"column":35},"end":{"line":144,"column":54}}},"15":{"name":"(anonymous_15)","line":156,"loc":{"start":{"line":156,"column":55},"end":{"line":156,"column":75}}},"16":{"name":"(anonymous_16)","line":166,"loc":{"start":{"line":166,"column":5},"end":{"line":166,"column":16}}},"17":{"name":"(anonymous_17)","line":170,"loc":{"start":{"line":170,"column":15},"end":{"line":170,"column":31}}},"18":{"name":"(anonymous_18)","line":184,"loc":{"start":{"line":184,"column":48},"end":{"line":184,"column":81}}},"19":{"name":"(anonymous_19)","line":201,"loc":{"start":{"line":201,"column":51},"end":{"line":201,"column":70}}},"20":{"name":"(anonymous_20)","line":213,"loc":{"start":{"line":213,"column":42},"end":{"line":213,"column":76}}},"21":{"name":"(anonymous_21)","line":215,"loc":{"start":{"line":215,"column":52},"end":{"line":215,"column":77}}},"22":{"name":"(anonymous_22)","line":223,"loc":{"start":{"line":223,"column":38},"end":{"line":223,"column":48}}},"23":{"name":"(anonymous_23)","line":228,"loc":{"start":{"line":228,"column":39},"end":{"line":228,"column":82}}},"24":{"name":"(anonymous_24)","line":249,"loc":{"start":{"line":249,"column":37},"end":{"line":249,"column":74}}},"25":{"name":"(anonymous_25)","line":255,"loc":{"start":{"line":255,"column":42},"end":{"line":255,"column":62}}},"26":{"name":"(anonymous_26)","line":269,"loc":{"start":{"line":269,"column":41},"end":{"line":269,"column":59}}},"27":{"name":"(anonymous_27)","line":271,"loc":{"start":{"line":271,"column":27},"end":{"line":271,"column":44}}},"28":{"name":"(anonymous_28)","line":317,"loc":{"start":{"line":317,"column":36},"end":{"line":317,"column":70}}},"29":{"name":"(anonymous_29)","line":332,"loc":{"start":{"line":332,"column":38},"end":{"line":332,"column":90}}},"30":{"name":"(anonymous_30)","line":344,"loc":{"start":{"line":344,"column":45},"end":{"line":344,"column":59}}},"31":{"name":"(anonymous_31)","line":355,"loc":{"start":{"line":355,"column":33},"end":{"line":355,"column":71}}},"32":{"name":"(anonymous_32)","line":390,"loc":{"start":{"line":390,"column":65},"end":{"line":390,"column":85}}},"33":{"name":"(anonymous_33)","line":399,"loc":{"start":{"line":399,"column":47},"end":{"line":399,"column":68}}},"34":{"name":"(anonymous_34)","line":420,"loc":{"start":{"line":420,"column":36},"end":{"line":420,"column":77}}},"35":{"name":"(anonymous_35)","line":452,"loc":{"start":{"line":452,"column":42},"end":{"line":452,"column":65}}},"36":{"name":"(anonymous_36)","line":478,"loc":{"start":{"line":478,"column":39},"end":{"line":478,"column":72}}},"37":{"name":"(anonymous_37)","line":504,"loc":{"start":{"line":504,"column":42},"end":{"line":504,"column":67}}},"38":{"name":"(anonymous_38)","line":508,"loc":{"start":{"line":508,"column":19},"end":{"line":508,"column":35}}},"39":{"name":"(anonymous_39)","line":513,"loc":{"start":{"line":513,"column":43},"end":{"line":513,"column":74}}},"40":{"name":"(anonymous_40)","line":539,"loc":{"start":{"line":539,"column":46},"end":{"line":539,"column":105}}},"41":{"name":"(anonymous_41)","line":558,"loc":{"start":{"line":558,"column":62},"end":{"line":558,"column":87}}},"42":{"name":"(anonymous_42)","line":569,"loc":{"start":{"line":569,"column":73},"end":{"line":569,"column":88}}},"43":{"name":"(anonymous_43)","line":579,"loc":{"start":{"line":579,"column":62},"end":{"line":579,"column":87}}},"44":{"name":"(anonymous_44)","line":587,"loc":{"start":{"line":587,"column":36},"end":{"line":587,"column":71}}},"45":{"name":"(anonymous_45)","line":589,"loc":{"start":{"line":589,"column":51},"end":{"line":589,"column":75}}},"46":{"name":"(anonymous_46)","line":606,"loc":{"start":{"line":606,"column":37},"end":{"line":606,"column":71}}},"47":{"name":"(anonymous_47)","line":611,"loc":{"start":{"line":611,"column":45},"end":{"line":611,"column":108}}},"48":{"name":"(anonymous_48)","line":616,"loc":{"start":{"line":616,"column":44},"end":{"line":616,"column":78}}}},"statementMap":{"1":{"start":{"line":1,"column":0},"end":{"line":8,"column":1}},"2":{"start":{"line":10,"column":0},"end":{"line":23,"column":1}},"3":{"start":{"line":12,"column":2},"end":{"line":12,"column":13}},"4":{"start":{"line":14,"column":2},"end":{"line":19,"column":3}},"5":{"start":{"line":15,"column":4},"end":{"line":15,"column":51}},"6":{"start":{"line":17,"column":4},"end":{"line":17,"column":37}},"7":{"start":{"line":18,"column":4},"end":{"line":18,"column":41}},"8":{"start":{"line":21,"column":2},"end":{"line":21,"column":46}},"9":{"start":{"line":22,"column":2},"end":{"line":22,"column":42}},"10":{"start":{"line":25,"column":0},"end":{"line":29,"column":2}},"11":{"start":{"line":31,"column":0},"end":{"line":41,"column":2}},"12":{"start":{"line":33,"column":2},"end":{"line":34,"column":23}},"13":{"start":{"line":34,"column":4},"end":{"line":34,"column":23}},"14":{"start":{"line":36,"column":2},"end":{"line":40,"column":3}},"15":{"start":{"line":37,"column":4},"end":{"line":37,"column":15}},"16":{"start":{"line":39,"column":4},"end":{"line":39,"column":16}},"17":{"start":{"line":43,"column":0},"end":{"line":43,"column":46}},"18":{"start":{"line":45,"column":0},"end":{"line":55,"column":3}},"19":{"start":{"line":47,"column":2},"end":{"line":54,"column":5}},"20":{"start":{"line":49,"column":4},"end":{"line":49,"column":30}},"21":{"start":{"line":49,"column":11},"end":{"line":49,"column":30}},"22":{"start":{"line":51,"column":4},"end":{"line":51,"column":32}},"23":{"start":{"line":53,"column":4},"end":{"line":53,"column":35}},"24":{"start":{"line":57,"column":0},"end":{"line":67,"column":3}},"25":{"start":{"line":59,"column":2},"end":{"line":66,"column":5}},"26":{"start":{"line":61,"column":4},"end":{"line":61,"column":30}},"27":{"start":{"line":61,"column":11},"end":{"line":61,"column":30}},"28":{"start":{"line":63,"column":4},"end":{"line":63,"column":32}},"29":{"start":{"line":65,"column":4},"end":{"line":65,"column":35}},"30":{"start":{"line":69,"column":0},"end":{"line":80,"column":3}},"31":{"start":{"line":72,"column":2},"end":{"line":79,"column":5}},"32":{"start":{"line":74,"column":4},"end":{"line":74,"column":30}},"33":{"start":{"line":74,"column":11},"end":{"line":74,"column":30}},"34":{"start":{"line":76,"column":4},"end":{"line":76,"column":32}},"35":{"start":{"line":78,"column":4},"end":{"line":78,"column":35}},"36":{"start":{"line":82,"column":0},"end":{"line":96,"column":3}},"37":{"start":{"line":84,"column":2},"end":{"line":84,"column":61}},"38":{"start":{"line":84,"column":32},"end":{"line":84,"column":61}},"39":{"start":{"line":86,"column":2},"end":{"line":86,"column":69}},"40":{"start":{"line":88,"column":2},"end":{"line":95,"column":5}},"41":{"start":{"line":90,"column":4},"end":{"line":90,"column":30}},"42":{"start":{"line":90,"column":11},"end":{"line":90,"column":30}},"43":{"start":{"line":92,"column":4},"end":{"line":92,"column":32}},"44":{"start":{"line":94,"column":4},"end":{"line":94,"column":35}},"45":{"start":{"line":98,"column":0},"end":{"line":103,"column":3}},"46":{"start":{"line":100,"column":2},"end":{"line":100,"column":84}},"47":{"start":{"line":102,"column":2},"end":{"line":102,"column":33}},"48":{"start":{"line":105,"column":0},"end":{"line":182,"column":2}},"49":{"start":{"line":107,"column":2},"end":{"line":107,"column":19}},"50":{"start":{"line":109,"column":2},"end":{"line":109,"column":46}},"51":{"start":{"line":111,"column":2},"end":{"line":111,"column":42}},"52":{"start":{"line":113,"column":2},"end":{"line":113,"column":45}},"53":{"start":{"line":115,"column":2},"end":{"line":115,"column":24}},"54":{"start":{"line":117,"column":2},"end":{"line":117,"column":24}},"55":{"start":{"line":119,"column":2},"end":{"line":119,"column":23}},"56":{"start":{"line":121,"column":2},"end":{"line":181,"column":5}},"57":{"start":{"line":123,"column":4},"end":{"line":123,"column":73}},"58":{"start":{"line":123,"column":27},"end":{"line":123,"column":73}},"59":{"start":{"line":125,"column":4},"end":{"line":125,"column":19}},"60":{"start":{"line":127,"column":4},"end":{"line":127,"column":69}},"61":{"start":{"line":127,"column":30},"end":{"line":127,"column":69}},"62":{"start":{"line":129,"column":4},"end":{"line":129,"column":124}},"63":{"start":{"line":131,"column":4},"end":{"line":131,"column":44}},"64":{"start":{"line":133,"column":4},"end":{"line":133,"column":54}},"65":{"start":{"line":135,"column":4},"end":{"line":135,"column":58}},"66":{"start":{"line":137,"column":4},"end":{"line":137,"column":48}},"67":{"start":{"line":139,"column":4},"end":{"line":139,"column":65}},"68":{"start":{"line":139,"column":35},"end":{"line":139,"column":65}},"69":{"start":{"line":141,"column":4},"end":{"line":141,"column":65}},"70":{"start":{"line":141,"column":35},"end":{"line":141,"column":65}},"71":{"start":{"line":144,"column":4},"end":{"line":151,"column":7}},"72":{"start":{"line":146,"column":6},"end":{"line":146,"column":84}},"73":{"start":{"line":146,"column":37},"end":{"line":146,"column":84}},"74":{"start":{"line":148,"column":6},"end":{"line":148,"column":62}},"75":{"start":{"line":150,"column":6},"end":{"line":150,"column":18}},"76":{"start":{"line":154,"column":4},"end":{"line":154,"column":81}},"77":{"start":{"line":154,"column":35},"end":{"line":154,"column":81}},"78":{"start":{"line":156,"column":4},"end":{"line":164,"column":7}},"79":{"start":{"line":158,"column":6},"end":{"line":158,"column":45}},"80":{"start":{"line":158,"column":15},"end":{"line":158,"column":45}},"81":{"start":{"line":160,"column":6},"end":{"line":160,"column":56}},"82":{"start":{"line":162,"column":6},"end":{"line":162,"column":26}},"83":{"start":{"line":168,"column":4},"end":{"line":168,"column":30}},"84":{"start":{"line":168,"column":11},"end":{"line":168,"column":30}},"85":{"start":{"line":170,"column":4},"end":{"line":177,"column":6}},"86":{"start":{"line":172,"column":6},"end":{"line":175,"column":7}},"87":{"start":{"line":172,"column":51},"end":{"line":175,"column":7}},"88":{"start":{"line":174,"column":8},"end":{"line":174,"column":51}},"89":{"start":{"line":176,"column":6},"end":{"line":176,"column":57}},"90":{"start":{"line":179,"column":4},"end":{"line":179,"column":15}},"91":{"start":{"line":184,"column":0},"end":{"line":199,"column":2}},"92":{"start":{"line":186,"column":2},"end":{"line":186,"column":71}},"93":{"start":{"line":186,"column":21},"end":{"line":186,"column":71}},"94":{"start":{"line":188,"column":2},"end":{"line":188,"column":48}},"95":{"start":{"line":190,"column":2},"end":{"line":190,"column":92}},"96":{"start":{"line":190,"column":18},"end":{"line":190,"column":92}},"97":{"start":{"line":192,"column":2},"end":{"line":192,"column":38}},"98":{"start":{"line":194,"column":2},"end":{"line":194,"column":92}},"99":{"start":{"line":194,"column":36},"end":{"line":194,"column":92}},"100":{"start":{"line":196,"column":2},"end":{"line":196,"column":39}},"101":{"start":{"line":198,"column":2},"end":{"line":198,"column":54}},"102":{"start":{"line":201,"column":0},"end":{"line":211,"column":2}},"103":{"start":{"line":203,"column":2},"end":{"line":203,"column":38}},"104":{"start":{"line":205,"column":2},"end":{"line":206,"column":60}},"105":{"start":{"line":206,"column":4},"end":{"line":206,"column":60}},"106":{"start":{"line":208,"column":2},"end":{"line":208,"column":34}},"107":{"start":{"line":209,"column":2},"end":{"line":209,"column":49}},"108":{"start":{"line":213,"column":0},"end":{"line":221,"column":2}},"109":{"start":{"line":215,"column":2},"end":{"line":220,"column":5}},"110":{"start":{"line":217,"column":4},"end":{"line":217,"column":30}},"111":{"start":{"line":217,"column":11},"end":{"line":217,"column":30}},"112":{"start":{"line":219,"column":4},"end":{"line":219,"column":38}},"113":{"start":{"line":223,"column":0},"end":{"line":226,"column":2}},"114":{"start":{"line":225,"column":2},"end":{"line":225,"column":56}},"115":{"start":{"line":228,"column":0},"end":{"line":247,"column":2}},"116":{"start":{"line":230,"column":2},"end":{"line":230,"column":29}},"117":{"start":{"line":232,"column":2},"end":{"line":232,"column":54}},"118":{"start":{"line":232,"column":35},"end":{"line":232,"column":54}},"119":{"start":{"line":234,"column":2},"end":{"line":234,"column":59}},"120":{"start":{"line":236,"column":2},"end":{"line":243,"column":4}},"121":{"start":{"line":245,"column":2},"end":{"line":245,"column":111}},"122":{"start":{"line":249,"column":0},"end":{"line":267,"column":2}},"123":{"start":{"line":251,"column":2},"end":{"line":264,"column":3}},"124":{"start":{"line":253,"column":4},"end":{"line":253,"column":21}},"125":{"start":{"line":255,"column":4},"end":{"line":263,"column":7}},"126":{"start":{"line":257,"column":6},"end":{"line":257,"column":32}},"127":{"start":{"line":257,"column":13},"end":{"line":257,"column":32}},"128":{"start":{"line":259,"column":6},"end":{"line":259,"column":68}},"129":{"start":{"line":259,"column":17},"end":{"line":259,"column":68}},"130":{"start":{"line":261,"column":6},"end":{"line":261,"column":100}},"131":{"start":{"line":266,"column":2},"end":{"line":266,"column":44}},"132":{"start":{"line":269,"column":0},"end":{"line":315,"column":2}},"133":{"start":{"line":271,"column":2},"end":{"line":312,"column":5}},"134":{"start":{"line":273,"column":4},"end":{"line":311,"column":5}},"135":{"start":{"line":275,"column":6},"end":{"line":275,"column":50}},"136":{"start":{"line":275,"column":24},"end":{"line":275,"column":50}},"137":{"start":{"line":278,"column":6},"end":{"line":278,"column":65}},"138":{"start":{"line":278,"column":58},"end":{"line":278,"column":65}},"139":{"start":{"line":280,"column":6},"end":{"line":310,"column":7}},"140":{"start":{"line":283,"column":8},"end":{"line":283,"column":47}},"141":{"start":{"line":283,"column":40},"end":{"line":283,"column":47}},"142":{"start":{"line":286,"column":8},"end":{"line":286,"column":40}},"143":{"start":{"line":286,"column":33},"end":{"line":286,"column":40}},"144":{"start":{"line":289,"column":8},"end":{"line":289,"column":38}},"145":{"start":{"line":289,"column":31},"end":{"line":289,"column":38}},"146":{"start":{"line":292,"column":8},"end":{"line":292,"column":39}},"147":{"start":{"line":292,"column":32},"end":{"line":292,"column":39}},"148":{"start":{"line":295,"column":8},"end":{"line":298,"column":9}},"149":{"start":{"line":296,"column":10},"end":{"line":296,"column":36}},"150":{"start":{"line":297,"column":10},"end":{"line":297,"column":31}},"151":{"start":{"line":301,"column":8},"end":{"line":304,"column":9}},"152":{"start":{"line":302,"column":10},"end":{"line":302,"column":37}},"153":{"start":{"line":303,"column":10},"end":{"line":303,"column":31}},"154":{"start":{"line":307,"column":8},"end":{"line":307,"column":43}},"155":{"start":{"line":308,"column":8},"end":{"line":308,"column":29}},"156":{"start":{"line":314,"column":2},"end":{"line":314,"column":16}},"157":{"start":{"line":317,"column":0},"end":{"line":330,"column":2}},"158":{"start":{"line":319,"column":2},"end":{"line":319,"column":45}},"159":{"start":{"line":319,"column":17},"end":{"line":319,"column":45}},"160":{"start":{"line":321,"column":2},"end":{"line":328,"column":3}},"161":{"start":{"line":323,"column":4},"end":{"line":323,"column":52}},"162":{"start":{"line":325,"column":4},"end":{"line":325,"column":47}},"163":{"start":{"line":327,"column":4},"end":{"line":327,"column":16}},"164":{"start":{"line":332,"column":0},"end":{"line":342,"column":2}},"165":{"start":{"line":334,"column":2},"end":{"line":334,"column":19}},"166":{"start":{"line":336,"column":2},"end":{"line":337,"column":70}},"167":{"start":{"line":336,"column":20},"end":{"line":337,"column":70}},"168":{"start":{"line":339,"column":2},"end":{"line":340,"column":96}},"169":{"start":{"line":344,"column":0},"end":{"line":353,"column":2}},"170":{"start":{"line":346,"column":2},"end":{"line":346,"column":37}},"171":{"start":{"line":348,"column":2},"end":{"line":352,"column":29}},"172":{"start":{"line":348,"column":23},"end":{"line":348,"column":89}},"173":{"start":{"line":350,"column":7},"end":{"line":352,"column":29}},"174":{"start":{"line":350,"column":27},"end":{"line":350,"column":99}},"175":{"start":{"line":352,"column":7},"end":{"line":352,"column":29}},"176":{"start":{"line":355,"column":0},"end":{"line":418,"column":2}},"177":{"start":{"line":357,"column":2},"end":{"line":357,"column":19}},"178":{"start":{"line":359,"column":2},"end":{"line":417,"column":3}},"179":{"start":{"line":361,"column":4},"end":{"line":364,"column":5}},"180":{"start":{"line":362,"column":6},"end":{"line":362,"column":28}},"181":{"start":{"line":363,"column":6},"end":{"line":363,"column":24}},"182":{"start":{"line":366,"column":4},"end":{"line":366,"column":22}},"183":{"start":{"line":368,"column":4},"end":{"line":386,"column":5}},"184":{"start":{"line":368,"column":21},"end":{"line":368,"column":47}},"185":{"start":{"line":372,"column":6},"end":{"line":385,"column":7}},"186":{"start":{"line":372,"column":31},"end":{"line":372,"column":55}},"187":{"start":{"line":376,"column":8},"end":{"line":384,"column":9}},"188":{"start":{"line":376,"column":42},"end":{"line":376,"column":64}},"189":{"start":{"line":378,"column":13},"end":{"line":384,"column":9}},"190":{"start":{"line":380,"column":10},"end":{"line":380,"column":47}},"191":{"start":{"line":381,"column":10},"end":{"line":381,"column":29}},"192":{"start":{"line":383,"column":10},"end":{"line":383,"column":49}},"193":{"start":{"line":388,"column":4},"end":{"line":388,"column":42}},"194":{"start":{"line":390,"column":4},"end":{"line":413,"column":7}},"195":{"start":{"line":392,"column":6},"end":{"line":392,"column":32}},"196":{"start":{"line":392,"column":13},"end":{"line":392,"column":32}},"197":{"start":{"line":394,"column":6},"end":{"line":397,"column":7}},"198":{"start":{"line":395,"column":8},"end":{"line":395,"column":59}},"199":{"start":{"line":395,"column":31},"end":{"line":395,"column":59}},"200":{"start":{"line":396,"column":8},"end":{"line":396,"column":90}},"201":{"start":{"line":399,"column":6},"end":{"line":412,"column":9}},"202":{"start":{"line":401,"column":8},"end":{"line":401,"column":34}},"203":{"start":{"line":401,"column":15},"end":{"line":401,"column":34}},"204":{"start":{"line":403,"column":8},"end":{"line":403,"column":93}},"205":{"start":{"line":403,"column":38},"end":{"line":403,"column":93}},"206":{"start":{"line":405,"column":8},"end":{"line":409,"column":9}},"207":{"start":{"line":406,"column":10},"end":{"line":408,"column":13}},"208":{"start":{"line":411,"column":8},"end":{"line":411,"column":80}},"209":{"start":{"line":416,"column":4},"end":{"line":416,"column":16}},"210":{"start":{"line":420,"column":0},"end":{"line":476,"column":2}},"211":{"start":{"line":422,"column":2},"end":{"line":422,"column":19}},"212":{"start":{"line":424,"column":2},"end":{"line":427,"column":3}},"213":{"start":{"line":425,"column":4},"end":{"line":425,"column":23}},"214":{"start":{"line":426,"column":4},"end":{"line":426,"column":19}},"215":{"start":{"line":429,"column":2},"end":{"line":429,"column":35}},"216":{"start":{"line":431,"column":2},"end":{"line":431,"column":30}},"217":{"start":{"line":431,"column":12},"end":{"line":431,"column":30}},"218":{"start":{"line":433,"column":2},"end":{"line":438,"column":3}},"219":{"start":{"line":435,"column":4},"end":{"line":435,"column":45}},"220":{"start":{"line":435,"column":33},"end":{"line":435,"column":45}},"221":{"start":{"line":437,"column":4},"end":{"line":437,"column":29}},"222":{"start":{"line":440,"column":2},"end":{"line":440,"column":48}},"223":{"start":{"line":442,"column":2},"end":{"line":448,"column":3}},"224":{"start":{"line":444,"column":4},"end":{"line":444,"column":82}},"225":{"start":{"line":444,"column":22},"end":{"line":444,"column":82}},"226":{"start":{"line":446,"column":4},"end":{"line":446,"column":22}},"227":{"start":{"line":447,"column":4},"end":{"line":447,"column":25}},"228":{"start":{"line":450,"column":2},"end":{"line":473,"column":3}},"229":{"start":{"line":452,"column":4},"end":{"line":472,"column":7}},"230":{"start":{"line":454,"column":6},"end":{"line":454,"column":32}},"231":{"start":{"line":454,"column":13},"end":{"line":454,"column":32}},"232":{"start":{"line":456,"column":6},"end":{"line":459,"column":7}},"233":{"start":{"line":457,"column":8},"end":{"line":457,"column":31}},"234":{"start":{"line":458,"column":8},"end":{"line":458,"column":78}},"235":{"start":{"line":461,"column":6},"end":{"line":463,"column":67}},"236":{"start":{"line":462,"column":8},"end":{"line":463,"column":67}},"237":{"start":{"line":463,"column":10},"end":{"line":463,"column":67}},"238":{"start":{"line":465,"column":6},"end":{"line":465,"column":41}},"239":{"start":{"line":466,"column":6},"end":{"line":466,"column":36}},"240":{"start":{"line":467,"column":6},"end":{"line":467,"column":33}},"241":{"start":{"line":469,"column":6},"end":{"line":469,"column":29}},"242":{"start":{"line":471,"column":6},"end":{"line":471,"column":69}},"243":{"start":{"line":475,"column":2},"end":{"line":475,"column":66}},"244":{"start":{"line":478,"column":0},"end":{"line":502,"column":2}},"245":{"start":{"line":480,"column":2},"end":{"line":480,"column":40}},"246":{"start":{"line":482,"column":2},"end":{"line":491,"column":3}},"247":{"start":{"line":484,"column":4},"end":{"line":484,"column":14}},"248":{"start":{"line":486,"column":4},"end":{"line":486,"column":56}},"249":{"start":{"line":486,"column":25},"end":{"line":486,"column":56}},"250":{"start":{"line":488,"column":4},"end":{"line":488,"column":59}},"251":{"start":{"line":488,"column":26},"end":{"line":488,"column":59}},"252":{"start":{"line":490,"column":4},"end":{"line":490,"column":65}},"253":{"start":{"line":490,"column":28},"end":{"line":490,"column":65}},"254":{"start":{"line":493,"column":2},"end":{"line":493,"column":27}},"255":{"start":{"line":494,"column":2},"end":{"line":494,"column":40}},"256":{"start":{"line":495,"column":2},"end":{"line":495,"column":39}},"257":{"start":{"line":497,"column":2},"end":{"line":497,"column":57}},"258":{"start":{"line":497,"column":20},"end":{"line":497,"column":57}},"259":{"start":{"line":499,"column":2},"end":{"line":499,"column":107}},"260":{"start":{"line":499,"column":14},"end":{"line":499,"column":107}},"261":{"start":{"line":499,"column":49},"end":{"line":499,"column":107}},"262":{"start":{"line":499,"column":77},"end":{"line":499,"column":107}},"263":{"start":{"line":501,"column":2},"end":{"line":501,"column":21}},"264":{"start":{"line":504,"column":0},"end":{"line":511,"column":2}},"265":{"start":{"line":506,"column":2},"end":{"line":506,"column":19}},"266":{"start":{"line":508,"column":2},"end":{"line":510,"column":4}},"267":{"start":{"line":509,"column":4},"end":{"line":509,"column":47}},"268":{"start":{"line":513,"column":0},"end":{"line":537,"column":2}},"269":{"start":{"line":515,"column":2},"end":{"line":520,"column":25}},"270":{"start":{"line":520,"column":4},"end":{"line":520,"column":25}},"271":{"start":{"line":522,"column":2},"end":{"line":529,"column":6}},"272":{"start":{"line":523,"column":4},"end":{"line":529,"column":6}},"273":{"start":{"line":531,"column":2},"end":{"line":536,"column":4}},"274":{"start":{"line":539,"column":0},"end":{"line":585,"column":2}},"275":{"start":{"line":541,"column":2},"end":{"line":541,"column":30}},"276":{"start":{"line":543,"column":2},"end":{"line":546,"column":4}},"277":{"start":{"line":548,"column":2},"end":{"line":548,"column":77}},"278":{"start":{"line":548,"column":19},"end":{"line":548,"column":77}},"279":{"start":{"line":550,"column":2},"end":{"line":550,"column":19}},"280":{"start":{"line":552,"column":2},"end":{"line":552,"column":59}},"281":{"start":{"line":552,"column":20},"end":{"line":552,"column":59}},"282":{"start":{"line":554,"column":2},"end":{"line":554,"column":106}},"283":{"start":{"line":554,"column":49},"end":{"line":554,"column":106}},"284":{"start":{"line":556,"column":2},"end":{"line":565,"column":3}},"285":{"start":{"line":558,"column":4},"end":{"line":564,"column":7}},"286":{"start":{"line":560,"column":6},"end":{"line":560,"column":36}},"287":{"start":{"line":560,"column":15},"end":{"line":560,"column":36}},"288":{"start":{"line":562,"column":6},"end":{"line":562,"column":55}},"289":{"start":{"line":567,"column":2},"end":{"line":576,"column":3}},"290":{"start":{"line":569,"column":4},"end":{"line":575,"column":7}},"291":{"start":{"line":571,"column":6},"end":{"line":571,"column":36}},"292":{"start":{"line":571,"column":15},"end":{"line":571,"column":36}},"293":{"start":{"line":573,"column":6},"end":{"line":573,"column":58}},"294":{"start":{"line":579,"column":2},"end":{"line":584,"column":5}},"295":{"start":{"line":581,"column":4},"end":{"line":581,"column":34}},"296":{"start":{"line":581,"column":13},"end":{"line":581,"column":34}},"297":{"start":{"line":583,"column":4},"end":{"line":583,"column":46}},"298":{"start":{"line":587,"column":0},"end":{"line":604,"column":2}},"299":{"start":{"line":589,"column":2},"end":{"line":602,"column":5}},"300":{"start":{"line":591,"column":4},"end":{"line":591,"column":34}},"301":{"start":{"line":591,"column":13},"end":{"line":591,"column":34}},"302":{"start":{"line":593,"column":4},"end":{"line":601,"column":7}},"303":{"start":{"line":606,"column":0},"end":{"line":609,"column":2}},"304":{"start":{"line":607,"column":2},"end":{"line":607,"column":43}},"305":{"start":{"line":608,"column":2},"end":{"line":608,"column":13}},"306":{"start":{"line":611,"column":0},"end":{"line":614,"column":2}},"307":{"start":{"line":612,"column":2},"end":{"line":612,"column":51}},"308":{"start":{"line":613,"column":2},"end":{"line":613,"column":13}},"309":{"start":{"line":616,"column":0},"end":{"line":619,"column":2}},"310":{"start":{"line":617,"column":2},"end":{"line":617,"column":50}},"311":{"start":{"line":618,"column":2},"end":{"line":618,"column":13}},"312":{"start":{"line":621,"column":0},"end":{"line":621,"column":34}}},"branchMap":{"1":{"line":14,"type":"if","locations":[{"start":{"line":14,"column":2},"end":{"line":14,"column":2}},{"start":{"line":14,"column":2},"end":{"line":14,"column":2}}]},"2":{"line":14,"type":"binary-expr","locations":[{"start":{"line":14,"column":6},"end":{"line":14,"column":10}},{"start":{"line":14,"column":14},"end":{"line":14,"column":25}}]},"3":{"line":33,"type":"if","locations":[{"start":{"line":33,"column":2},"end":{"line":33,"column":2}},{"start":{"line":33,"column":2},"end":{"line":33,"column":2}}]},"4":{"line":49,"type":"if","locations":[{"start":{"line":49,"column":4},"end":{"line":49,"column":4}},{"start":{"line":49,"column":4},"end":{"line":49,"column":4}}]},"5":{"line":61,"type":"if","locations":[{"start":{"line":61,"column":4},"end":{"line":61,"column":4}},{"start":{"line":61,"column":4},"end":{"line":61,"column":4}}]},"6":{"line":74,"type":"if","locations":[{"start":{"line":74,"column":4},"end":{"line":74,"column":4}},{"start":{"line":74,"column":4},"end":{"line":74,"column":4}}]},"7":{"line":84,"type":"if","locations":[{"start":{"line":84,"column":2},"end":{"line":84,"column":2}},{"start":{"line":84,"column":2},"end":{"line":84,"column":2}}]},"8":{"line":90,"type":"if","locations":[{"start":{"line":90,"column":4},"end":{"line":90,"column":4}},{"start":{"line":90,"column":4},"end":{"line":90,"column":4}}]},"9":{"line":123,"type":"if","locations":[{"start":{"line":123,"column":4},"end":{"line":123,"column":4}},{"start":{"line":123,"column":4},"end":{"line":123,"column":4}}]},"10":{"line":127,"type":"if","locations":[{"start":{"line":127,"column":4},"end":{"line":127,"column":4}},{"start":{"line":127,"column":4},"end":{"line":127,"column":4}}]},"11":{"line":139,"type":"if","locations":[{"start":{"line":139,"column":4},"end":{"line":139,"column":4}},{"start":{"line":139,"column":4},"end":{"line":139,"column":4}}]},"12":{"line":141,"type":"if","locations":[{"start":{"line":141,"column":4},"end":{"line":141,"column":4}},{"start":{"line":141,"column":4},"end":{"line":141,"column":4}}]},"13":{"line":146,"type":"if","locations":[{"start":{"line":146,"column":6},"end":{"line":146,"column":6}},{"start":{"line":146,"column":6},"end":{"line":146,"column":6}}]},"14":{"line":154,"type":"if","locations":[{"start":{"line":154,"column":4},"end":{"line":154,"column":4}},{"start":{"line":154,"column":4},"end":{"line":154,"column":4}}]},"15":{"line":158,"type":"if","locations":[{"start":{"line":158,"column":6},"end":{"line":158,"column":6}},{"start":{"line":158,"column":6},"end":{"line":158,"column":6}}]},"16":{"line":168,"type":"if","locations":[{"start":{"line":168,"column":4},"end":{"line":168,"column":4}},{"start":{"line":168,"column":4},"end":{"line":168,"column":4}}]},"17":{"line":172,"type":"if","locations":[{"start":{"line":172,"column":51},"end":{"line":172,"column":51}},{"start":{"line":172,"column":51},"end":{"line":172,"column":51}}]},"18":{"line":186,"type":"if","locations":[{"start":{"line":186,"column":2},"end":{"line":186,"column":2}},{"start":{"line":186,"column":2},"end":{"line":186,"column":2}}]},"19":{"line":190,"type":"if","locations":[{"start":{"line":190,"column":2},"end":{"line":190,"column":2}},{"start":{"line":190,"column":2},"end":{"line":190,"column":2}}]},"20":{"line":194,"type":"if","locations":[{"start":{"line":194,"column":2},"end":{"line":194,"column":2}},{"start":{"line":194,"column":2},"end":{"line":194,"column":2}}]},"21":{"line":205,"type":"if","locations":[{"start":{"line":205,"column":2},"end":{"line":205,"column":2}},{"start":{"line":205,"column":2},"end":{"line":205,"column":2}}]},"22":{"line":215,"type":"binary-expr","locations":[{"start":{"line":215,"column":38},"end":{"line":215,"column":44}},{"start":{"line":215,"column":48},"end":{"line":215,"column":50}}]},"23":{"line":217,"type":"if","locations":[{"start":{"line":217,"column":4},"end":{"line":217,"column":4}},{"start":{"line":217,"column":4},"end":{"line":217,"column":4}}]},"24":{"line":232,"type":"if","locations":[{"start":{"line":232,"column":2},"end":{"line":232,"column":2}},{"start":{"line":232,"column":2},"end":{"line":232,"column":2}}]},"25":{"line":251,"type":"if","locations":[{"start":{"line":251,"column":2},"end":{"line":251,"column":2}},{"start":{"line":251,"column":2},"end":{"line":251,"column":2}}]},"26":{"line":257,"type":"if","locations":[{"start":{"line":257,"column":6},"end":{"line":257,"column":6}},{"start":{"line":257,"column":6},"end":{"line":257,"column":6}}]},"27":{"line":259,"type":"if","locations":[{"start":{"line":259,"column":6},"end":{"line":259,"column":6}},{"start":{"line":259,"column":6},"end":{"line":259,"column":6}}]},"28":{"line":273,"type":"if","locations":[{"start":{"line":273,"column":4},"end":{"line":273,"column":4}},{"start":{"line":273,"column":4},"end":{"line":273,"column":4}}]},"29":{"line":275,"type":"if","locations":[{"start":{"line":275,"column":6},"end":{"line":275,"column":6}},{"start":{"line":275,"column":6},"end":{"line":275,"column":6}}]},"30":{"line":278,"type":"if","locations":[{"start":{"line":278,"column":6},"end":{"line":278,"column":6}},{"start":{"line":278,"column":6},"end":{"line":278,"column":6}}]},"31":{"line":278,"type":"binary-expr","locations":[{"start":{"line":278,"column":10},"end":{"line":278,"column":21}},{"start":{"line":278,"column":25},"end":{"line":278,"column":56}}]},"32":{"line":280,"type":"if","locations":[{"start":{"line":280,"column":6},"end":{"line":280,"column":6}},{"start":{"line":280,"column":6},"end":{"line":280,"column":6}}]},"33":{"line":283,"type":"if","locations":[{"start":{"line":283,"column":8},"end":{"line":283,"column":8}},{"start":{"line":283,"column":8},"end":{"line":283,"column":8}}]},"34":{"line":286,"type":"if","locations":[{"start":{"line":286,"column":8},"end":{"line":286,"column":8}},{"start":{"line":286,"column":8},"end":{"line":286,"column":8}}]},"35":{"line":289,"type":"if","locations":[{"start":{"line":289,"column":8},"end":{"line":289,"column":8}},{"start":{"line":289,"column":8},"end":{"line":289,"column":8}}]},"36":{"line":292,"type":"if","locations":[{"start":{"line":292,"column":8},"end":{"line":292,"column":8}},{"start":{"line":292,"column":8},"end":{"line":292,"column":8}}]},"37":{"line":295,"type":"if","locations":[{"start":{"line":295,"column":8},"end":{"line":295,"column":8}},{"start":{"line":295,"column":8},"end":{"line":295,"column":8}}]},"38":{"line":301,"type":"if","locations":[{"start":{"line":301,"column":8},"end":{"line":301,"column":8}},{"start":{"line":301,"column":8},"end":{"line":301,"column":8}}]},"39":{"line":319,"type":"if","locations":[{"start":{"line":319,"column":2},"end":{"line":319,"column":2}},{"start":{"line":319,"column":2},"end":{"line":319,"column":2}}]},"40":{"line":336,"type":"if","locations":[{"start":{"line":336,"column":2},"end":{"line":336,"column":2}},{"start":{"line":336,"column":2},"end":{"line":336,"column":2}}]},"41":{"line":348,"type":"if","locations":[{"start":{"line":348,"column":2},"end":{"line":348,"column":2}},{"start":{"line":348,"column":2},"end":{"line":348,"column":2}}]},"42":{"line":350,"type":"if","locations":[{"start":{"line":350,"column":7},"end":{"line":350,"column":7}},{"start":{"line":350,"column":7},"end":{"line":350,"column":7}}]},"43":{"line":361,"type":"if","locations":[{"start":{"line":361,"column":4},"end":{"line":361,"column":4}},{"start":{"line":361,"column":4},"end":{"line":361,"column":4}}]},"44":{"line":368,"type":"if","locations":[{"start":{"line":368,"column":4},"end":{"line":368,"column":4}},{"start":{"line":368,"column":4},"end":{"line":368,"column":4}}]},"45":{"line":372,"type":"if","locations":[{"start":{"line":372,"column":6},"end":{"line":372,"column":6}},{"start":{"line":372,"column":6},"end":{"line":372,"column":6}}]},"46":{"line":376,"type":"if","locations":[{"start":{"line":376,"column":8},"end":{"line":376,"column":8}},{"start":{"line":376,"column":8},"end":{"line":376,"column":8}}]},"47":{"line":378,"type":"if","locations":[{"start":{"line":378,"column":13},"end":{"line":378,"column":13}},{"start":{"line":378,"column":13},"end":{"line":378,"column":13}}]},"48":{"line":392,"type":"if","locations":[{"start":{"line":392,"column":6},"end":{"line":392,"column":6}},{"start":{"line":392,"column":6},"end":{"line":392,"column":6}}]},"49":{"line":394,"type":"if","locations":[{"start":{"line":394,"column":6},"end":{"line":394,"column":6}},{"start":{"line":394,"column":6},"end":{"line":394,"column":6}}]},"50":{"line":395,"type":"if","locations":[{"start":{"line":395,"column":8},"end":{"line":395,"column":8}},{"start":{"line":395,"column":8},"end":{"line":395,"column":8}}]},"51":{"line":401,"type":"if","locations":[{"start":{"line":401,"column":8},"end":{"line":401,"column":8}},{"start":{"line":401,"column":8},"end":{"line":401,"column":8}}]},"52":{"line":403,"type":"if","locations":[{"start":{"line":403,"column":8},"end":{"line":403,"column":8}},{"start":{"line":403,"column":8},"end":{"line":403,"column":8}}]},"53":{"line":405,"type":"if","locations":[{"start":{"line":405,"column":8},"end":{"line":405,"column":8}},{"start":{"line":405,"column":8},"end":{"line":405,"column":8}}]},"54":{"line":424,"type":"if","locations":[{"start":{"line":424,"column":2},"end":{"line":424,"column":2}},{"start":{"line":424,"column":2},"end":{"line":424,"column":2}}]},"55":{"line":429,"type":"cond-expr","locations":[{"start":{"line":429,"column":22},"end":{"line":429,"column":29}},{"start":{"line":429,"column":32},"end":{"line":429,"column":34}}]},"56":{"line":431,"type":"if","locations":[{"start":{"line":431,"column":2},"end":{"line":431,"column":2}},{"start":{"line":431,"column":2},"end":{"line":431,"column":2}}]},"57":{"line":433,"type":"if","locations":[{"start":{"line":433,"column":2},"end":{"line":433,"column":2}},{"start":{"line":433,"column":2},"end":{"line":433,"column":2}}]},"58":{"line":435,"type":"if","locations":[{"start":{"line":435,"column":4},"end":{"line":435,"column":4}},{"start":{"line":435,"column":4},"end":{"line":435,"column":4}}]},"59":{"line":442,"type":"if","locations":[{"start":{"line":442,"column":2},"end":{"line":442,"column":2}},{"start":{"line":442,"column":2},"end":{"line":442,"column":2}}]},"60":{"line":444,"type":"if","locations":[{"start":{"line":444,"column":4},"end":{"line":444,"column":4}},{"start":{"line":444,"column":4},"end":{"line":444,"column":4}}]},"61":{"line":450,"type":"if","locations":[{"start":{"line":450,"column":2},"end":{"line":450,"column":2}},{"start":{"line":450,"column":2},"end":{"line":450,"column":2}}]},"62":{"line":454,"type":"if","locations":[{"start":{"line":454,"column":6},"end":{"line":454,"column":6}},{"start":{"line":454,"column":6},"end":{"line":454,"column":6}}]},"63":{"line":456,"type":"if","locations":[{"start":{"line":456,"column":6},"end":{"line":456,"column":6}},{"start":{"line":456,"column":6},"end":{"line":456,"column":6}}]},"64":{"line":462,"type":"if","locations":[{"start":{"line":462,"column":8},"end":{"line":462,"column":8}},{"start":{"line":462,"column":8},"end":{"line":462,"column":8}}]},"65":{"line":482,"type":"if","locations":[{"start":{"line":482,"column":2},"end":{"line":482,"column":2}},{"start":{"line":482,"column":2},"end":{"line":482,"column":2}}]},"66":{"line":486,"type":"if","locations":[{"start":{"line":486,"column":4},"end":{"line":486,"column":4}},{"start":{"line":486,"column":4},"end":{"line":486,"column":4}}]},"67":{"line":488,"type":"if","locations":[{"start":{"line":488,"column":4},"end":{"line":488,"column":4}},{"start":{"line":488,"column":4},"end":{"line":488,"column":4}}]},"68":{"line":490,"type":"if","locations":[{"start":{"line":490,"column":4},"end":{"line":490,"column":4}},{"start":{"line":490,"column":4},"end":{"line":490,"column":4}}]},"69":{"line":497,"type":"if","locations":[{"start":{"line":497,"column":2},"end":{"line":497,"column":2}},{"start":{"line":497,"column":2},"end":{"line":497,"column":2}}]},"70":{"line":499,"type":"if","locations":[{"start":{"line":499,"column":2},"end":{"line":499,"column":2}},{"start":{"line":499,"column":2},"end":{"line":499,"column":2}}]},"71":{"line":499,"type":"if","locations":[{"start":{"line":499,"column":49},"end":{"line":499,"column":49}},{"start":{"line":499,"column":49},"end":{"line":499,"column":49}}]},"72":{"line":515,"type":"if","locations":[{"start":{"line":515,"column":2},"end":{"line":515,"column":2}},{"start":{"line":515,"column":2},"end":{"line":515,"column":2}}]},"73":{"line":515,"type":"binary-expr","locations":[{"start":{"line":515,"column":6},"end":{"line":515,"column":29}},{"start":{"line":516,"column":4},"end":{"line":516,"column":33}},{"start":{"line":517,"column":4},"end":{"line":517,"column":32}},{"start":{"line":518,"column":4},"end":{"line":518,"column":16}}]},"74":{"line":522,"type":"if","locations":[{"start":{"line":522,"column":2},"end":{"line":522,"column":2}},{"start":{"line":522,"column":2},"end":{"line":522,"column":2}}]},"75":{"line":522,"type":"binary-expr","locations":[{"start":{"line":522,"column":6},"end":{"line":522,"column":13}},{"start":{"line":522,"column":17},"end":{"line":522,"column":35}}]},"76":{"line":548,"type":"if","locations":[{"start":{"line":548,"column":2},"end":{"line":548,"column":2}},{"start":{"line":548,"column":2},"end":{"line":548,"column":2}}]},"77":{"line":552,"type":"if","locations":[{"start":{"line":552,"column":2},"end":{"line":552,"column":2}},{"start":{"line":552,"column":2},"end":{"line":552,"column":2}}]},"78":{"line":554,"type":"if","locations":[{"start":{"line":554,"column":2},"end":{"line":554,"column":2}},{"start":{"line":554,"column":2},"end":{"line":554,"column":2}}]},"79":{"line":554,"type":"binary-expr","locations":[{"start":{"line":554,"column":6},"end":{"line":554,"column":19}},{"start":{"line":554,"column":23},"end":{"line":554,"column":47}}]},"80":{"line":556,"type":"if","locations":[{"start":{"line":556,"column":2},"end":{"line":556,"column":2}},{"start":{"line":556,"column":2},"end":{"line":556,"column":2}}]},"81":{"line":560,"type":"if","locations":[{"start":{"line":560,"column":6},"end":{"line":560,"column":6}},{"start":{"line":560,"column":6},"end":{"line":560,"column":6}}]},"82":{"line":567,"type":"if","locations":[{"start":{"line":567,"column":2},"end":{"line":567,"column":2}},{"start":{"line":567,"column":2},"end":{"line":567,"column":2}}]},"83":{"line":571,"type":"if","locations":[{"start":{"line":571,"column":6},"end":{"line":571,"column":6}},{"start":{"line":571,"column":6},"end":{"line":571,"column":6}}]},"84":{"line":581,"type":"if","locations":[{"start":{"line":581,"column":4},"end":{"line":581,"column":4}},{"start":{"line":581,"column":4},"end":{"line":581,"column":4}}]},"85":{"line":591,"type":"if","locations":[{"start":{"line":591,"column":4},"end":{"line":591,"column":4}},{"start":{"line":591,"column":4},"end":{"line":591,"column":4}}]}}},"/Users/simonbishop/Documents/Projects/happn-service-mongo-2/lib/config.js":{"path":"/Users/simonbishop/Documents/Projects/happn-service-mongo-2/lib/config.js","s":{"1":1,"2":1,"3":1,"4":7,"5":7,"6":6,"7":7,"8":6,"9":7,"10":2,"11":5,"12":5,"13":5,"14":7,"15":4,"16":7,"17":1,"18":21,"19":21,"20":21,"21":7,"22":7,"23":7,"24":7,"25":14,"26":21,"27":21,"28":21,"29":21,"30":21,"31":1},"b":{"1":[6,1],"2":[6,1],"3":[2,5],"4":[4,3],"5":[7,3],"6":[7,14],"7":[7,0],"8":[7,7],"9":[21,0],"10":[21,21],"11":[21,0],"12":[21,21]},"f":{"1":7,"2":7,"3":21},"fnMap":{"1":{"name":"Config","line":5,"loc":{"start":{"line":5,"column":0},"end":{"line":5,"column":17}}},"2":{"name":"(anonymous_2)","line":9,"loc":{"start":{"line":9,"column":25},"end":{"line":9,"column":41}}},"3":{"name":"(anonymous_3)","line":50,"loc":{"start":{"line":50,"column":39},"end":{"line":50,"column":86}}}},"statementMap":{"1":{"start":{"line":1,"column":0},"end":{"line":3,"column":3}},"2":{"start":{"line":5,"column":0},"end":{"line":7,"column":1}},"3":{"start":{"line":9,"column":0},"end":{"line":48,"column":2}},"4":{"start":{"line":11,"column":2},"end":{"line":11,"column":50}},"5":{"start":{"line":13,"column":2},"end":{"line":13,"column":50}},"6":{"start":{"line":13,"column":24},"end":{"line":13,"column":50}},"7":{"start":{"line":15,"column":2},"end":{"line":15,"column":54}},"8":{"start":{"line":15,"column":26},"end":{"line":15,"column":54}},"9":{"start":{"line":17,"column":2},"end":{"line":25,"column":3}},"10":{"start":{"line":17,"column":19},"end":{"line":17,"column":60}},"11":{"start":{"line":21,"column":4},"end":{"line":21,"column":95}},"12":{"start":{"line":23,"column":4},"end":{"line":23,"column":33}},"13":{"start":{"line":24,"column":4},"end":{"line":24,"column":47}},"14":{"start":{"line":27,"column":2},"end":{"line":44,"column":3}},"15":{"start":{"line":29,"column":4},"end":{"line":43,"column":7}},"16":{"start":{"line":46,"column":2},"end":{"line":46,"column":16}},"17":{"start":{"line":50,"column":0},"end":{"line":76,"column":2}},"18":{"start":{"line":52,"column":2},"end":{"line":52,"column":36}},"19":{"start":{"line":54,"column":2},"end":{"line":54,"column":18}},"20":{"start":{"line":56,"column":2},"end":{"line":67,"column":30}},"21":{"start":{"line":58,"column":4},"end":{"line":58,"column":49}},"22":{"start":{"line":60,"column":4},"end":{"line":66,"column":5}},"23":{"start":{"line":63,"column":6},"end":{"line":63,"column":60}},"24":{"start":{"line":64,"column":6},"end":{"line":64,"column":41}},"25":{"start":{"line":67,"column":9},"end":{"line":67,"column":30}},"26":{"start":{"line":71,"column":2},"end":{"line":71,"column":71}},"27":{"start":{"line":71,"column":40},"end":{"line":71,"column":71}},"28":{"start":{"line":73,"column":2},"end":{"line":73,"column":79}},"29":{"start":{"line":73,"column":44},"end":{"line":73,"column":79}},"30":{"start":{"line":75,"column":2},"end":{"line":75,"column":16}},"31":{"start":{"line":78,"column":0},"end":{"line":78,"column":24}}},"branchMap":{"1":{"line":13,"type":"if","locations":[{"start":{"line":13,"column":2},"end":{"line":13,"column":2}},{"start":{"line":13,"column":2},"end":{"line":13,"column":2}}]},"2":{"line":15,"type":"if","locations":[{"start":{"line":15,"column":2},"end":{"line":15,"column":2}},{"start":{"line":15,"column":2},"end":{"line":15,"column":2}}]},"3":{"line":17,"type":"if","locations":[{"start":{"line":17,"column":2},"end":{"line":17,"column":2}},{"start":{"line":17,"column":2},"end":{"line":17,"column":2}}]},"4":{"line":27,"type":"if","locations":[{"start":{"line":27,"column":2},"end":{"line":27,"column":2}},{"start":{"line":27,"column":2},"end":{"line":27,"column":2}}]},"5":{"line":27,"type":"binary-expr","locations":[{"start":{"line":27,"column":6},"end":{"line":27,"column":24}},{"start":{"line":27,"column":28},"end":{"line":27,"column":57}}]},"6":{"line":56,"type":"if","locations":[{"start":{"line":56,"column":2},"end":{"line":56,"column":2}},{"start":{"line":56,"column":2},"end":{"line":56,"column":2}}]},"7":{"line":60,"type":"if","locations":[{"start":{"line":60,"column":4},"end":{"line":60,"column":4}},{"start":{"line":60,"column":4},"end":{"line":60,"column":4}}]},"8":{"line":60,"type":"binary-expr","locations":[{"start":{"line":60,"column":8},"end":{"line":60,"column":29}},{"start":{"line":60,"column":33},"end":{"line":60,"column":51}}]},"9":{"line":71,"type":"if","locations":[{"start":{"line":71,"column":2},"end":{"line":71,"column":2}},{"start":{"line":71,"column":2},"end":{"line":71,"column":2}}]},"10":{"line":71,"type":"binary-expr","locations":[{"start":{"line":71,"column":6},"end":{"line":71,"column":18}},{"start":{"line":71,"column":22},"end":{"line":71,"column":38}}]},"11":{"line":73,"type":"if","locations":[{"start":{"line":73,"column":2},"end":{"line":73,"column":2}},{"start":{"line":73,"column":2},"end":{"line":73,"column":2}}]},"12":{"line":73,"type":"binary-expr","locations":[{"start":{"line":73,"column":6},"end":{"line":73,"column":20}},{"start":{"line":73,"column":24},"end":{"line":73,"column":42}}]}}},"/Users/simonbishop/Documents/Projects/happn-service-mongo-2/lib/datastore.js":{"path":"/Users/simonbishop/Documents/Projects/happn-service-mongo-2/lib/datastore.js","s":{"1":1,"2":1,"3":16,"4":0,"5":16,"6":0,"7":16,"8":0,"9":16,"10":16,"11":16,"12":2,"13":1,"14":2,"15":1,"16":16,"17":1,"18":1,"19":2,"20":2,"21":2,"22":2,"23":2,"24":2,"25":12,"26":4,"27":4,"28":0,"29":4,"30":3,"31":1,"32":1,"33":0,"34":1,"35":1,"36":0,"37":0,"38":8,"39":2,"40":2,"41":2,"42":2,"43":0,"44":2,"45":2,"46":0,"47":0,"48":0,"49":0,"50":0,"51":0,"52":0,"53":2,"54":2,"55":126,"56":126,"57":0,"58":126,"59":126,"60":126,"61":0,"62":2,"63":2,"64":2,"65":1,"66":1,"67":0,"68":1,"69":1,"70":1,"71":0,"72":1,"73":2,"74":1,"75":0,"76":1,"77":2,"78":2,"79":1,"80":0,"81":0,"82":1,"83":0,"84":1,"85":1,"86":0,"87":1,"88":1,"89":0,"90":0,"91":0,"92":0,"93":2,"94":2,"95":0,"96":0,"97":0,"98":0,"99":0,"100":0,"101":0,"102":2,"103":1,"104":16,"105":16,"106":16,"107":0,"108":16,"109":16,"110":16,"111":16,"112":2,"113":14,"114":16,"115":0,"116":0,"117":16,"118":16,"119":16,"120":16,"121":16,"122":16,"123":0,"124":16,"125":1,"126":10,"127":1,"128":51,"129":41,"130":10,"131":1,"132":1,"133":0,"134":0,"135":0,"136":0,"137":1,"138":0,"139":0,"140":0,"141":0,"142":0,"143":0,"144":0,"145":0,"146":0,"147":0,"148":0,"149":0,"150":0,"151":0,"152":0,"153":1,"154":0,"155":0,"156":0,"157":0,"158":0,"159":0,"160":1,"161":0,"162":1,"163":0,"164":0,"165":0,"166":0,"167":0,"168":1,"169":4,"170":0,"171":0,"172":0,"173":4,"174":0,"175":4,"176":1,"177":0,"178":1,"179":336,"180":335,"181":0,"182":335,"183":335,"184":0,"185":1,"186":12,"187":1,"188":16,"189":16,"190":16,"191":16,"192":0,"193":16,"194":0},"b":{"1":[0,16],"2":[0,16],"3":[0,16],"4":[16,0],"5":[2,14],"6":[1,1],"7":[1,1],"8":[4,8],"9":[12,4],"10":[0,4],"11":[3,1],"12":[0,1],"13":[1,0],"14":[1,1],"15":[0,2],"16":[2,0],"17":[0,0],"18":[0,0],"19":[0,126],"20":[126,0],"21":[1,1],"22":[2,1],"23":[0,1],"24":[0,1],"25":[0,1],"26":[0,1],"27":[0,1],"28":[0,1],"29":[1,0],"30":[0,0],"31":[0,0],"32":[0,0],"33":[0,16],"34":[2,14],"35":[0,16],"36":[16,0],"37":[0,16],"38":[41,10],"39":[0,0],"40":[0,0],"41":[0,0],"42":[0,0],"43":[0,0],"44":[0,4],"45":[0,0],"46":[0,4],"47":[0,335],"48":[335,0],"49":[0,16]},"f":{"1":16,"2":2,"3":12,"4":4,"5":1,"6":0,"7":2,"8":2,"9":0,"10":0,"11":126,"12":126,"13":126,"14":2,"15":1,"16":1,"17":2,"18":1,"19":1,"20":1,"21":0,"22":0,"23":0,"24":0,"25":16,"26":16,"27":16,"28":16,"29":16,"30":10,"31":51,"32":0,"33":0,"34":0,"35":0,"36":0,"37":0,"38":0,"39":4,"40":0,"41":336,"42":335,"43":12,"44":16,"45":16},"fnMap":{"1":{"name":"DataStore","line":6,"loc":{"start":{"line":6,"column":0},"end":{"line":6,"column":27}}},"2":{"name":"(anonymous_2)","line":28,"loc":{"start":{"line":28,"column":33},"end":{"line":28,"column":51}}},"3":{"name":"(anonymous_3)","line":40,"loc":{"start":{"line":40,"column":15},"end":{"line":40,"column":71}}},"4":{"name":"(anonymous_4)","line":44,"loc":{"start":{"line":44,"column":44},"end":{"line":44,"column":61}}},"5":{"name":"(anonymous_5)","line":50,"loc":{"start":{"line":50,"column":62},"end":{"line":50,"column":80}}},"6":{"name":"(anonymous_6)","line":56,"loc":{"start":{"line":56,"column":51},"end":{"line":56,"column":62}}},"7":{"name":"(anonymous_7)","line":68,"loc":{"start":{"line":68,"column":18},"end":{"line":68,"column":54}}},"8":{"name":"(anonymous_8)","line":70,"loc":{"start":{"line":70,"column":35},"end":{"line":70,"column":52}}},"9":{"name":"(anonymous_9)","line":75,"loc":{"start":{"line":75,"column":43},"end":{"line":75,"column":60}}},"10":{"name":"(anonymous_10)","line":80,"loc":{"start":{"line":80,"column":45},"end":{"line":80,"column":56}}},"11":{"name":"(anonymous_11)","line":91,"loc":{"start":{"line":91,"column":23},"end":{"line":91,"column":57}}},"12":{"name":"(anonymous_12)","line":94,"loc":{"start":{"line":94,"column":45},"end":{"line":94,"column":62}}},"13":{"name":"(anonymous_13)","line":98,"loc":{"start":{"line":98,"column":60},"end":{"line":98,"column":71}}},"14":{"name":"(anonymous_14)","line":109,"loc":{"start":{"line":109,"column":16},"end":{"line":109,"column":44}}},"15":{"name":"(anonymous_15)","line":114,"loc":{"start":{"line":114,"column":40},"end":{"line":114,"column":51}}},"16":{"name":"(anonymous_16)","line":123,"loc":{"start":{"line":123,"column":52},"end":{"line":123,"column":70}}},"17":{"name":"(anonymous_17)","line":128,"loc":{"start":{"line":128,"column":32},"end":{"line":128,"column":54}}},"18":{"name":"(anonymous_18)","line":132,"loc":{"start":{"line":132,"column":11},"end":{"line":132,"column":22}}},"19":{"name":"(anonymous_19)","line":144,"loc":{"start":{"line":144,"column":17},"end":{"line":144,"column":50}}},"20":{"name":"(anonymous_20)","line":153,"loc":{"start":{"line":153,"column":28},"end":{"line":153,"column":49}}},"21":{"name":"(anonymous_21)","line":159,"loc":{"start":{"line":159,"column":39},"end":{"line":159,"column":50}}},"22":{"name":"(anonymous_22)","line":170,"loc":{"start":{"line":170,"column":17},"end":{"line":170,"column":60}}},"23":{"name":"(anonymous_23)","line":172,"loc":{"start":{"line":172,"column":47},"end":{"line":172,"column":68}}},"24":{"name":"(anonymous_24)","line":176,"loc":{"start":{"line":176,"column":43},"end":{"line":176,"column":54}}},"25":{"name":"(anonymous_25)","line":189,"loc":{"start":{"line":189,"column":33},"end":{"line":189,"column":51}}},"26":{"name":"(anonymous_26)","line":193,"loc":{"start":{"line":193,"column":90},"end":{"line":193,"column":115}}},"27":{"name":"(anonymous_27)","line":199,"loc":{"start":{"line":199,"column":21},"end":{"line":199,"column":31}}},"28":{"name":"(anonymous_28)","line":225,"loc":{"start":{"line":225,"column":56},"end":{"line":225,"column":83}}},"29":{"name":"(anonymous_29)","line":231,"loc":{"start":{"line":231,"column":9},"end":{"line":231,"column":20}}},"30":{"name":"(anonymous_30)","line":242,"loc":{"start":{"line":242,"column":30},"end":{"line":242,"column":66}}},"31":{"name":"(anonymous_31)","line":247,"loc":{"start":{"line":247,"column":27},"end":{"line":247,"column":83}}},"32":{"name":"BatchDataItem","line":260,"loc":{"start":{"line":260,"column":0},"end":{"line":260,"column":37}}},"33":{"name":"(anonymous_33)","line":269,"loc":{"start":{"line":269,"column":32},"end":{"line":269,"column":42}}},"34":{"name":"(anonymous_34)","line":293,"loc":{"start":{"line":293,"column":47},"end":{"line":293,"column":68}}},"35":{"name":"(anonymous_35)","line":296,"loc":{"start":{"line":296,"column":27},"end":{"line":296,"column":39}}},"36":{"name":"(anonymous_36)","line":309,"loc":{"start":{"line":309,"column":33},"end":{"line":309,"column":57}}},"37":{"name":"(anonymous_37)","line":322,"loc":{"start":{"line":322,"column":37},"end":{"line":322,"column":47}}},"38":{"name":"(anonymous_38)","line":328,"loc":{"start":{"line":328,"column":34},"end":{"line":328,"column":67}}},"39":{"name":"(anonymous_39)","line":341,"loc":{"start":{"line":341,"column":29},"end":{"line":341,"column":62}}},"40":{"name":"(anonymous_40)","line":354,"loc":{"start":{"line":354,"column":29},"end":{"line":354,"column":72}}},"41":{"name":"(anonymous_41)","line":359,"loc":{"start":{"line":359,"column":36},"end":{"line":359,"column":70}}},"42":{"name":"(anonymous_42)","line":361,"loc":{"start":{"line":361,"column":84},"end":{"line":361,"column":101}}},"43":{"name":"(anonymous_43)","line":368,"loc":{"start":{"line":368,"column":29},"end":{"line":368,"column":57}}},"44":{"name":"(anonymous_44)","line":373,"loc":{"start":{"line":373,"column":24},"end":{"line":373,"column":50}}},"45":{"name":"(anonymous_45)","line":379,"loc":{"start":{"line":379,"column":21},"end":{"line":379,"column":32}}}},"statementMap":{"1":{"start":{"line":1,"column":0},"end":{"line":4,"column":1}},"2":{"start":{"line":6,"column":0},"end":{"line":24,"column":1}},"3":{"start":{"line":8,"column":2},"end":{"line":8,"column":90}},"4":{"start":{"line":8,"column":20},"end":{"line":8,"column":90}},"5":{"start":{"line":10,"column":2},"end":{"line":10,"column":50}},"6":{"start":{"line":10,"column":24},"end":{"line":10,"column":50}},"7":{"start":{"line":12,"column":2},"end":{"line":12,"column":54}},"8":{"start":{"line":12,"column":26},"end":{"line":12,"column":54}},"9":{"start":{"line":14,"column":2},"end":{"line":14,"column":41}},"10":{"start":{"line":14,"column":22},"end":{"line":14,"column":41}},"11":{"start":{"line":16,"column":2},"end":{"line":21,"column":3}},"12":{"start":{"line":18,"column":4},"end":{"line":18,"column":49}},"13":{"start":{"line":18,"column":31},"end":{"line":18,"column":49}},"14":{"start":{"line":20,"column":4},"end":{"line":20,"column":66}},"15":{"start":{"line":20,"column":31},"end":{"line":20,"column":66}},"16":{"start":{"line":23,"column":2},"end":{"line":23,"column":56}},"17":{"start":{"line":26,"column":0},"end":{"line":26,"column":49}},"18":{"start":{"line":28,"column":0},"end":{"line":187,"column":2}},"19":{"start":{"line":30,"column":2},"end":{"line":30,"column":19}},"20":{"start":{"line":32,"column":2},"end":{"line":32,"column":41}},"21":{"start":{"line":34,"column":2},"end":{"line":34,"column":45}},"22":{"start":{"line":36,"column":2},"end":{"line":36,"column":54}},"23":{"start":{"line":38,"column":2},"end":{"line":38,"column":31}},"24":{"start":{"line":40,"column":2},"end":{"line":64,"column":15}},"25":{"start":{"line":42,"column":4},"end":{"line":62,"column":5}},"26":{"start":{"line":44,"column":6},"end":{"line":61,"column":9}},"27":{"start":{"line":46,"column":8},"end":{"line":46,"column":34}},"28":{"start":{"line":46,"column":15},"end":{"line":46,"column":34}},"29":{"start":{"line":48,"column":8},"end":{"line":48,"column":48}},"30":{"start":{"line":48,"column":18},"end":{"line":48,"column":48}},"31":{"start":{"line":50,"column":8},"end":{"line":60,"column":11}},"32":{"start":{"line":52,"column":10},"end":{"line":52,"column":36}},"33":{"start":{"line":52,"column":17},"end":{"line":52,"column":36}},"34":{"start":{"line":54,"column":10},"end":{"line":54,"column":69}},"35":{"start":{"line":54,"column":43},"end":{"line":54,"column":69}},"36":{"start":{"line":56,"column":10},"end":{"line":59,"column":13}},"37":{"start":{"line":58,"column":12},"end":{"line":58,"column":38}},"38":{"start":{"line":63,"column":4},"end":{"line":63,"column":74}},"39":{"start":{"line":66,"column":2},"end":{"line":66,"column":35}},"40":{"start":{"line":68,"column":2},"end":{"line":87,"column":15}},"41":{"start":{"line":70,"column":4},"end":{"line":85,"column":7}},"42":{"start":{"line":72,"column":6},"end":{"line":72,"column":32}},"43":{"start":{"line":72,"column":13},"end":{"line":72,"column":32}},"44":{"start":{"line":73,"column":6},"end":{"line":73,"column":44}},"45":{"start":{"line":73,"column":16},"end":{"line":73,"column":44}},"46":{"start":{"line":75,"column":6},"end":{"line":84,"column":9}},"47":{"start":{"line":77,"column":8},"end":{"line":77,"column":34}},"48":{"start":{"line":77,"column":15},"end":{"line":77,"column":34}},"49":{"start":{"line":78,"column":8},"end":{"line":78,"column":47}},"50":{"start":{"line":78,"column":19},"end":{"line":78,"column":47}},"51":{"start":{"line":80,"column":8},"end":{"line":83,"column":11}},"52":{"start":{"line":82,"column":10},"end":{"line":82,"column":35}},"53":{"start":{"line":89,"column":2},"end":{"line":89,"column":47}},"54":{"start":{"line":91,"column":2},"end":{"line":105,"column":4}},"55":{"start":{"line":94,"column":4},"end":{"line":104,"column":7}},"56":{"start":{"line":96,"column":6},"end":{"line":96,"column":32}},"57":{"start":{"line":96,"column":13},"end":{"line":96,"column":32}},"58":{"start":{"line":98,"column":6},"end":{"line":101,"column":9}},"59":{"start":{"line":98,"column":16},"end":{"line":101,"column":9}},"60":{"start":{"line":100,"column":8},"end":{"line":100,"column":26}},"61":{"start":{"line":103,"column":6},"end":{"line":103,"column":27}},"62":{"start":{"line":107,"column":2},"end":{"line":107,"column":33}},"63":{"start":{"line":109,"column":2},"end":{"line":140,"column":4}},"64":{"start":{"line":111,"column":4},"end":{"line":139,"column":5}},"65":{"start":{"line":114,"column":6},"end":{"line":119,"column":8}},"66":{"start":{"line":116,"column":8},"end":{"line":116,"column":34}},"67":{"start":{"line":116,"column":15},"end":{"line":116,"column":34}},"68":{"start":{"line":118,"column":8},"end":{"line":118,"column":46}},"69":{"start":{"line":123,"column":6},"end":{"line":138,"column":9}},"70":{"start":{"line":125,"column":8},"end":{"line":125,"column":34}},"71":{"start":{"line":125,"column":15},"end":{"line":125,"column":34}},"72":{"start":{"line":128,"column":8},"end":{"line":137,"column":11}},"73":{"start":{"line":130,"column":10},"end":{"line":130,"column":48}},"74":{"start":{"line":134,"column":10},"end":{"line":134,"column":36}},"75":{"start":{"line":134,"column":17},"end":{"line":134,"column":36}},"76":{"start":{"line":136,"column":10},"end":{"line":136,"column":48}},"77":{"start":{"line":142,"column":2},"end":{"line":142,"column":35}},"78":{"start":{"line":144,"column":2},"end":{"line":166,"column":4}},"79":{"start":{"line":146,"column":4},"end":{"line":149,"column":5}},"80":{"start":{"line":147,"column":6},"end":{"line":147,"column":25}},"81":{"start":{"line":148,"column":6},"end":{"line":148,"column":21}},"82":{"start":{"line":151,"column":4},"end":{"line":151,"column":31}},"83":{"start":{"line":151,"column":18},"end":{"line":151,"column":31}},"84":{"start":{"line":153,"column":4},"end":{"line":165,"column":7}},"85":{"start":{"line":155,"column":6},"end":{"line":155,"column":32}},"86":{"start":{"line":155,"column":13},"end":{"line":155,"column":32}},"87":{"start":{"line":157,"column":6},"end":{"line":157,"column":59}},"88":{"start":{"line":157,"column":27},"end":{"line":157,"column":59}},"89":{"start":{"line":159,"column":6},"end":{"line":164,"column":9}},"90":{"start":{"line":161,"column":8},"end":{"line":161,"column":34}},"91":{"start":{"line":161,"column":15},"end":{"line":161,"column":34}},"92":{"start":{"line":163,"column":8},"end":{"line":163,"column":40}},"93":{"start":{"line":168,"column":2},"end":{"line":168,"column":33}},"94":{"start":{"line":170,"column":2},"end":{"line":184,"column":4}},"95":{"start":{"line":172,"column":4},"end":{"line":183,"column":7}},"96":{"start":{"line":174,"column":6},"end":{"line":174,"column":32}},"97":{"start":{"line":174,"column":13},"end":{"line":174,"column":32}},"98":{"start":{"line":176,"column":6},"end":{"line":182,"column":9}},"99":{"start":{"line":178,"column":8},"end":{"line":178,"column":34}},"100":{"start":{"line":178,"column":15},"end":{"line":178,"column":34}},"101":{"start":{"line":180,"column":8},"end":{"line":180,"column":40}},"102":{"start":{"line":186,"column":2},"end":{"line":186,"column":13}},"103":{"start":{"line":189,"column":0},"end":{"line":240,"column":2}},"104":{"start":{"line":191,"column":2},"end":{"line":191,"column":19}},"105":{"start":{"line":193,"column":2},"end":{"line":239,"column":5}},"106":{"start":{"line":195,"column":4},"end":{"line":195,"column":34}},"107":{"start":{"line":195,"column":13},"end":{"line":195,"column":34}},"108":{"start":{"line":197,"column":4},"end":{"line":197,"column":66}},"109":{"start":{"line":199,"column":4},"end":{"line":205,"column":6}},"110":{"start":{"line":201,"column":6},"end":{"line":201,"column":63}},"111":{"start":{"line":203,"column":6},"end":{"line":204,"column":22}},"112":{"start":{"line":203,"column":30},"end":{"line":203,"column":57}},"113":{"start":{"line":204,"column":11},"end":{"line":204,"column":22}},"114":{"start":{"line":207,"column":4},"end":{"line":238,"column":5}},"115":{"start":{"line":209,"column":6},"end":{"line":209,"column":200}},"116":{"start":{"line":211,"column":6},"end":{"line":211,"column":19}},"117":{"start":{"line":215,"column":6},"end":{"line":222,"column":7}},"118":{"start":{"line":216,"column":8},"end":{"line":221,"column":10}},"119":{"start":{"line":225,"column":6},"end":{"line":237,"column":9}},"120":{"start":{"line":227,"column":8},"end":{"line":227,"column":55}},"121":{"start":{"line":229,"column":8},"end":{"line":229,"column":91}},"122":{"start":{"line":233,"column":8},"end":{"line":233,"column":34}},"123":{"start":{"line":233,"column":15},"end":{"line":233,"column":34}},"124":{"start":{"line":235,"column":8},"end":{"line":235,"column":21}},"125":{"start":{"line":242,"column":0},"end":{"line":245,"column":2}},"126":{"start":{"line":244,"column":2},"end":{"line":244,"column":55}},"127":{"start":{"line":247,"column":0},"end":{"line":256,"column":2}},"128":{"start":{"line":249,"column":2},"end":{"line":250,"column":53}},"129":{"start":{"line":249,"column":20},"end":{"line":250,"column":53}},"130":{"start":{"line":252,"column":2},"end":{"line":255,"column":23}},"131":{"start":{"line":258,"column":0},"end":{"line":258,"column":19}},"132":{"start":{"line":260,"column":0},"end":{"line":267,"column":1}},"133":{"start":{"line":262,"column":2},"end":{"line":262,"column":25}},"134":{"start":{"line":263,"column":2},"end":{"line":263,"column":19}},"135":{"start":{"line":264,"column":2},"end":{"line":264,"column":22}},"136":{"start":{"line":265,"column":2},"end":{"line":265,"column":19}},"137":{"start":{"line":269,"column":0},"end":{"line":307,"column":2}},"138":{"start":{"line":271,"column":2},"end":{"line":271,"column":29}},"139":{"start":{"line":273,"column":2},"end":{"line":273,"column":18}},"140":{"start":{"line":275,"column":2},"end":{"line":275,"column":19}},"141":{"start":{"line":277,"column":2},"end":{"line":277,"column":23}},"142":{"start":{"line":279,"column":2},"end":{"line":279,"column":26}},"143":{"start":{"line":283,"column":2},"end":{"line":283,"column":51}},"144":{"start":{"line":285,"column":2},"end":{"line":285,"column":60}},"145":{"start":{"line":288,"column":2},"end":{"line":288,"column":19}},"146":{"start":{"line":290,"column":2},"end":{"line":290,"column":22}},"147":{"start":{"line":293,"column":2},"end":{"line":306,"column":16}},"148":{"start":{"line":296,"column":4},"end":{"line":304,"column":7}},"149":{"start":{"line":298,"column":6},"end":{"line":298,"column":35}},"150":{"start":{"line":298,"column":13},"end":{"line":298,"column":35}},"151":{"start":{"line":300,"column":6},"end":{"line":300,"column":55}},"152":{"start":{"line":302,"column":6},"end":{"line":302,"column":16}},"153":{"start":{"line":309,"column":0},"end":{"line":320,"column":2}},"154":{"start":{"line":311,"column":2},"end":{"line":311,"column":25}},"155":{"start":{"line":313,"column":2},"end":{"line":313,"column":32}},"156":{"start":{"line":316,"column":2},"end":{"line":316,"column":72}},"157":{"start":{"line":316,"column":52},"end":{"line":316,"column":72}},"158":{"start":{"line":319,"column":2},"end":{"line":319,"column":49}},"159":{"start":{"line":319,"column":31},"end":{"line":319,"column":49}},"160":{"start":{"line":322,"column":0},"end":{"line":326,"column":2}},"161":{"start":{"line":325,"column":2},"end":{"line":325,"column":78}},"162":{"start":{"line":328,"column":0},"end":{"line":339,"column":2}},"163":{"start":{"line":330,"column":2},"end":{"line":330,"column":19}},"164":{"start":{"line":332,"column":2},"end":{"line":332,"column":53}},"165":{"start":{"line":335,"column":2},"end":{"line":335,"column":107}},"166":{"start":{"line":335,"column":37},"end":{"line":335,"column":107}},"167":{"start":{"line":337,"column":2},"end":{"line":337,"column":54}},"168":{"start":{"line":341,"column":0},"end":{"line":352,"column":2}},"169":{"start":{"line":343,"column":2},"end":{"line":347,"column":3}},"170":{"start":{"line":344,"column":4},"end":{"line":346,"column":5}},"171":{"start":{"line":345,"column":6},"end":{"line":345,"column":90}},"172":{"start":{"line":345,"column":41},"end":{"line":345,"column":90}},"173":{"start":{"line":349,"column":2},"end":{"line":349,"column":78}},"174":{"start":{"line":349,"column":29},"end":{"line":349,"column":78}},"175":{"start":{"line":351,"column":2},"end":{"line":351,"column":44}},"176":{"start":{"line":354,"column":0},"end":{"line":357,"column":2}},"177":{"start":{"line":356,"column":2},"end":{"line":356,"column":68}},"178":{"start":{"line":359,"column":0},"end":{"line":366,"column":2}},"179":{"start":{"line":361,"column":2},"end":{"line":365,"column":5}},"180":{"start":{"line":362,"column":4},"end":{"line":362,"column":30}},"181":{"start":{"line":362,"column":11},"end":{"line":362,"column":30}},"182":{"start":{"line":363,"column":4},"end":{"line":363,"column":48}},"183":{"start":{"line":363,"column":14},"end":{"line":363,"column":48}},"184":{"start":{"line":364,"column":4},"end":{"line":364,"column":25}},"185":{"start":{"line":368,"column":0},"end":{"line":371,"column":2}},"186":{"start":{"line":370,"column":2},"end":{"line":370,"column":61}},"187":{"start":{"line":373,"column":0},"end":{"line":389,"column":2}},"188":{"start":{"line":375,"column":2},"end":{"line":388,"column":3}},"189":{"start":{"line":377,"column":4},"end":{"line":377,"column":38}},"190":{"start":{"line":379,"column":4},"end":{"line":384,"column":7}},"191":{"start":{"line":381,"column":6},"end":{"line":381,"column":32}},"192":{"start":{"line":381,"column":13},"end":{"line":381,"column":32}},"193":{"start":{"line":383,"column":6},"end":{"line":383,"column":28}},"194":{"start":{"line":387,"column":4},"end":{"line":387,"column":16}}},"branchMap":{"1":{"line":8,"type":"if","locations":[{"start":{"line":8,"column":2},"end":{"line":8,"column":2}},{"start":{"line":8,"column":2},"end":{"line":8,"column":2}}]},"2":{"line":10,"type":"if","locations":[{"start":{"line":10,"column":2},"end":{"line":10,"column":2}},{"start":{"line":10,"column":2},"end":{"line":10,"column":2}}]},"3":{"line":12,"type":"if","locations":[{"start":{"line":12,"column":2},"end":{"line":12,"column":2}},{"start":{"line":12,"column":2},"end":{"line":12,"column":2}}]},"4":{"line":14,"type":"if","locations":[{"start":{"line":14,"column":2},"end":{"line":14,"column":2}},{"start":{"line":14,"column":2},"end":{"line":14,"column":2}}]},"5":{"line":16,"type":"if","locations":[{"start":{"line":16,"column":2},"end":{"line":16,"column":2}},{"start":{"line":16,"column":2},"end":{"line":16,"column":2}}]},"6":{"line":18,"type":"if","locations":[{"start":{"line":18,"column":4},"end":{"line":18,"column":4}},{"start":{"line":18,"column":4},"end":{"line":18,"column":4}}]},"7":{"line":20,"type":"if","locations":[{"start":{"line":20,"column":4},"end":{"line":20,"column":4}},{"start":{"line":20,"column":4},"end":{"line":20,"column":4}}]},"8":{"line":42,"type":"if","locations":[{"start":{"line":42,"column":4},"end":{"line":42,"column":4}},{"start":{"line":42,"column":4},"end":{"line":42,"column":4}}]},"9":{"line":42,"type":"binary-expr","locations":[{"start":{"line":42,"column":8},"end":{"line":42,"column":29}},{"start":{"line":42,"column":33},"end":{"line":42,"column":65}}]},"10":{"line":46,"type":"if","locations":[{"start":{"line":46,"column":8},"end":{"line":46,"column":8}},{"start":{"line":46,"column":8},"end":{"line":46,"column":8}}]},"11":{"line":48,"type":"if","locations":[{"start":{"line":48,"column":8},"end":{"line":48,"column":8}},{"start":{"line":48,"column":8},"end":{"line":48,"column":8}}]},"12":{"line":52,"type":"if","locations":[{"start":{"line":52,"column":10},"end":{"line":52,"column":10}},{"start":{"line":52,"column":10},"end":{"line":52,"column":10}}]},"13":{"line":54,"type":"if","locations":[{"start":{"line":54,"column":10},"end":{"line":54,"column":10}},{"start":{"line":54,"column":10},"end":{"line":54,"column":10}}]},"14":{"line":54,"type":"binary-expr","locations":[{"start":{"line":54,"column":14},"end":{"line":54,"column":20}},{"start":{"line":54,"column":24},"end":{"line":54,"column":41}}]},"15":{"line":72,"type":"if","locations":[{"start":{"line":72,"column":6},"end":{"line":72,"column":6}},{"start":{"line":72,"column":6},"end":{"line":72,"column":6}}]},"16":{"line":73,"type":"if","locations":[{"start":{"line":73,"column":6},"end":{"line":73,"column":6}},{"start":{"line":73,"column":6},"end":{"line":73,"column":6}}]},"17":{"line":77,"type":"if","locations":[{"start":{"line":77,"column":8},"end":{"line":77,"column":8}},{"start":{"line":77,"column":8},"end":{"line":77,"column":8}}]},"18":{"line":78,"type":"if","locations":[{"start":{"line":78,"column":8},"end":{"line":78,"column":8}},{"start":{"line":78,"column":8},"end":{"line":78,"column":8}}]},"19":{"line":96,"type":"if","locations":[{"start":{"line":96,"column":6},"end":{"line":96,"column":6}},{"start":{"line":96,"column":6},"end":{"line":96,"column":6}}]},"20":{"line":98,"type":"if","locations":[{"start":{"line":98,"column":6},"end":{"line":98,"column":6}},{"start":{"line":98,"column":6},"end":{"line":98,"column":6}}]},"21":{"line":111,"type":"if","locations":[{"start":{"line":111,"column":4},"end":{"line":111,"column":4}},{"start":{"line":111,"column":4},"end":{"line":111,"column":4}}]},"22":{"line":111,"type":"binary-expr","locations":[{"start":{"line":111,"column":8},"end":{"line":111,"column":29}},{"start":{"line":111,"column":33},"end":{"line":111,"column":65}}]},"23":{"line":116,"type":"if","locations":[{"start":{"line":116,"column":8},"end":{"line":116,"column":8}},{"start":{"line":116,"column":8},"end":{"line":116,"column":8}}]},"24":{"line":125,"type":"if","locations":[{"start":{"line":125,"column":8},"end":{"line":125,"column":8}},{"start":{"line":125,"column":8},"end":{"line":125,"column":8}}]},"25":{"line":134,"type":"if","locations":[{"start":{"line":134,"column":10},"end":{"line":134,"column":10}},{"start":{"line":134,"column":10},"end":{"line":134,"column":10}}]},"26":{"line":146,"type":"if","locations":[{"start":{"line":146,"column":4},"end":{"line":146,"column":4}},{"start":{"line":146,"column":4},"end":{"line":146,"column":4}}]},"27":{"line":151,"type":"if","locations":[{"start":{"line":151,"column":4},"end":{"line":151,"column":4}},{"start":{"line":151,"column":4},"end":{"line":151,"column":4}}]},"28":{"line":155,"type":"if","locations":[{"start":{"line":155,"column":6},"end":{"line":155,"column":6}},{"start":{"line":155,"column":6},"end":{"line":155,"column":6}}]},"29":{"line":157,"type":"if","locations":[{"start":{"line":157,"column":6},"end":{"line":157,"column":6}},{"start":{"line":157,"column":6},"end":{"line":157,"column":6}}]},"30":{"line":161,"type":"if","locations":[{"start":{"line":161,"column":8},"end":{"line":161,"column":8}},{"start":{"line":161,"column":8},"end":{"line":161,"column":8}}]},"31":{"line":174,"type":"if","locations":[{"start":{"line":174,"column":6},"end":{"line":174,"column":6}},{"start":{"line":174,"column":6},"end":{"line":174,"column":6}}]},"32":{"line":178,"type":"if","locations":[{"start":{"line":178,"column":8},"end":{"line":178,"column":8}},{"start":{"line":178,"column":8},"end":{"line":178,"column":8}}]},"33":{"line":195,"type":"if","locations":[{"start":{"line":195,"column":4},"end":{"line":195,"column":4}},{"start":{"line":195,"column":4},"end":{"line":195,"column":4}}]},"34":{"line":203,"type":"if","locations":[{"start":{"line":203,"column":6},"end":{"line":203,"column":6}},{"start":{"line":203,"column":6},"end":{"line":203,"column":6}}]},"35":{"line":207,"type":"if","locations":[{"start":{"line":207,"column":4},"end":{"line":207,"column":4}},{"start":{"line":207,"column":4},"end":{"line":207,"column":4}}]},"36":{"line":215,"type":"if","locations":[{"start":{"line":215,"column":6},"end":{"line":215,"column":6}},{"start":{"line":215,"column":6},"end":{"line":215,"column":6}}]},"37":{"line":233,"type":"if","locations":[{"start":{"line":233,"column":8},"end":{"line":233,"column":8}},{"start":{"line":233,"column":8},"end":{"line":233,"column":8}}]},"38":{"line":249,"type":"if","locations":[{"start":{"line":249,"column":2},"end":{"line":249,"column":2}},{"start":{"line":249,"column":2},"end":{"line":249,"column":2}}]},"39":{"line":298,"type":"if","locations":[{"start":{"line":298,"column":6},"end":{"line":298,"column":6}},{"start":{"line":298,"column":6},"end":{"line":298,"column":6}}]},"40":{"line":316,"type":"if","locations":[{"start":{"line":316,"column":2},"end":{"line":316,"column":2}},{"start":{"line":316,"column":2},"end":{"line":316,"column":2}}]},"41":{"line":319,"type":"if","locations":[{"start":{"line":319,"column":2},"end":{"line":319,"column":2}},{"start":{"line":319,"column":2},"end":{"line":319,"column":2}}]},"42":{"line":332,"type":"binary-expr","locations":[{"start":{"line":332,"column":25},"end":{"line":332,"column":45}},{"start":{"line":332,"column":49},"end":{"line":332,"column":52}}]},"43":{"line":335,"type":"if","locations":[{"start":{"line":335,"column":2},"end":{"line":335,"column":2}},{"start":{"line":335,"column":2},"end":{"line":335,"column":2}}]},"44":{"line":343,"type":"if","locations":[{"start":{"line":343,"column":2},"end":{"line":343,"column":2}},{"start":{"line":343,"column":2},"end":{"line":343,"column":2}}]},"45":{"line":345,"type":"if","locations":[{"start":{"line":345,"column":6},"end":{"line":345,"column":6}},{"start":{"line":345,"column":6},"end":{"line":345,"column":6}}]},"46":{"line":349,"type":"if","locations":[{"start":{"line":349,"column":2},"end":{"line":349,"column":2}},{"start":{"line":349,"column":2},"end":{"line":349,"column":2}}]},"47":{"line":362,"type":"if","locations":[{"start":{"line":362,"column":4},"end":{"line":362,"column":4}},{"start":{"line":362,"column":4},"end":{"line":362,"column":4}}]},"48":{"line":363,"type":"if","locations":[{"start":{"line":363,"column":4},"end":{"line":363,"column":4}},{"start":{"line":363,"column":4},"end":{"line":363,"column":4}}]},"49":{"line":381,"type":"if","locations":[{"start":{"line":381,"column":6},"end":{"line":381,"column":6}},{"start":{"line":381,"column":6},"end":{"line":381,"column":6}}]}}}}