TN:
SF:/Users/simonbishop/Documents/Projects/happn-service-mongo-2/silence.js
FNF:0
FNH:0
DA:3,1
LF:1
LH:1
BRDA:3,1,0,1
BRDA:3,1,1,1
BRF:2
BRH:2
end_of_record
TN:
SF:/Users/simonbishop/Documents/Projects/happn-service-mongo-2/index.js
FN:10,DataMongoService
FN:31,(anonymous_2)
FN:45,(anonymous_3)
FN:47,(anonymous_4)
FN:57,(anonymous_5)
FN:59,(anonymous_6)
FN:69,(anonymous_7)
FN:72,(anonymous_8)
FN:82,(anonymous_9)
FN:88,(anonymous_10)
FN:98,(anonymous_11)
FN:105,(anonymous_12)
FN:121,(anonymous_13)
FN:144,(anonymous_14)
FN:156,(anonymous_15)
FN:166,(anonymous_16)
FN:170,(anonymous_17)
FN:184,(anonymous_18)
FN:201,(anonymous_19)
FN:213,(anonymous_20)
FN:215,(anonymous_21)
FN:223,(anonymous_22)
FN:228,(anonymous_23)
FN:249,(anonymous_24)
FN:255,(anonymous_25)
FN:269,(anonymous_26)
FN:271,(anonymous_27)
FN:317,(anonymous_28)
FN:332,(anonymous_29)
FN:344,(anonymous_30)
FN:355,(anonymous_31)
FN:390,(anonymous_32)
FN:399,(anonymous_33)
FN:420,(anonymous_34)
FN:452,(anonymous_35)
FN:478,(anonymous_36)
FN:504,(anonymous_37)
FN:508,(anonymous_38)
FN:513,(anonymous_39)
FN:539,(anonymous_40)
FN:558,(anonymous_41)
FN:569,(anonymous_42)
FN:579,(anonymous_43)
FN:587,(anonymous_44)
FN:589,(anonymous_45)
FN:606,(anonymous_46)
FN:611,(anonymous_47)
FN:616,(anonymous_48)
FNF:48
FNH:39
FNDA:4,DataMongoService
FNDA:4,(anonymous_2)
FNDA:20,(anonymous_3)
FNDA:20,(anonymous_4)
FNDA:3,(anonymous_5)
FNDA:3,(anonymous_6)
FNDA:0,(anonymous_7)
FNDA:0,(anonymous_8)
FNDA:71,(anonymous_9)
FNDA:70,(anonymous_10)
FNDA:0,(anonymous_11)
FNDA:7,(anonymous_12)
FNDA:16,(anonymous_13)
FNDA:10,(anonymous_14)
FNDA:16,(anonymous_15)
FNDA:7,(anonymous_16)
FNDA:418,(anonymous_17)
FNDA:10,(anonymous_18)
FNDA:0,(anonymous_19)
FNDA:12,(anonymous_20)
FNDA:12,(anonymous_21)
FNDA:8,(anonymous_22)
FNDA:4,(anonymous_23)
FNDA:4,(anonymous_24)
FNDA:0,(anonymous_25)
FNDA:16,(anonymous_26)
FNDA:120,(anonymous_27)
FNDA:29,(anonymous_28)
FNDA:53,(anonymous_29)
FNDA:65,(anonymous_30)
FNDA:53,(anonymous_31)
FNDA:53,(anonymous_32)
FNDA:29,(anonymous_33)
FNDA:340,(anonymous_34)
FNDA:12,(anonymous_35)
FNDA:622,(anonymous_36)
FNDA:29,(anonymous_37)
FNDA:263,(anonymous_38)
FNDA:340,(anonymous_39)
FNDA:344,(anonymous_40)
FNDA:4,(anonymous_41)
FNDA:0,(anonymous_42)
FNDA:335,(anonymous_43)
FNDA:12,(anonymous_44)
FNDA:12,(anonymous_45)
FNDA:0,(anonymous_46)
FNDA:0,(anonymous_47)
FNDA:0,(anonymous_48)
DA:1,1
DA:10,1
DA:12,4
DA:14,4
DA:15,0
DA:17,4
DA:18,4
DA:21,4
DA:22,4
DA:25,1
DA:31,1
DA:33,4
DA:34,3
DA:36,4
DA:37,4
DA:39,0
DA:43,1
DA:45,1
DA:47,20
DA:49,20
DA:51,20
DA:53,20
DA:57,1
DA:59,3
DA:61,3
DA:63,3
DA:65,3
DA:69,1
DA:72,0
DA:74,0
DA:76,0
DA:78,0
DA:82,1
DA:84,71
DA:86,71
DA:88,71
DA:90,70
DA:92,70
DA:94,70
DA:98,1
DA:100,0
DA:102,0
DA:105,1
DA:107,7
DA:109,7
DA:111,7
DA:113,7
DA:115,7
DA:117,7
DA:119,7
DA:121,7
DA:123,16
DA:125,16
DA:127,16
DA:129,16
DA:131,16
DA:133,16
DA:135,16
DA:137,16
DA:139,16
DA:141,16
DA:144,16
DA:146,10
DA:148,10
DA:150,10
DA:154,16
DA:156,16
DA:158,16
DA:160,16
DA:162,16
DA:168,7
DA:170,7
DA:172,915
DA:174,35
DA:176,383
DA:179,7
DA:184,1
DA:186,10
DA:188,10
DA:190,10
DA:192,10
DA:194,10
DA:196,10
DA:198,10
DA:201,1
DA:203,0
DA:205,0
DA:206,0
DA:208,0
DA:209,0
DA:213,1
DA:215,12
DA:217,12
DA:219,12
DA:223,1
DA:225,8
DA:228,1
DA:230,4
DA:232,4
DA:234,4
DA:236,4
DA:245,4
DA:249,1
DA:251,4
DA:253,0
DA:255,0
DA:257,0
DA:259,0
DA:261,0
DA:266,4
DA:269,1
DA:271,16
DA:273,120
DA:275,120
DA:278,120
DA:280,68
DA:283,52
DA:286,28
DA:289,28
DA:292,28
DA:295,26
DA:296,0
DA:297,0
DA:301,26
DA:302,0
DA:303,0
DA:307,26
DA:308,26
DA:314,16
DA:317,1
DA:319,29
DA:321,6
DA:323,6
DA:325,6
DA:327,0
DA:332,1
DA:334,53
DA:336,53
DA:339,10
DA:344,1
DA:346,65
DA:348,65
DA:350,65
DA:352,29
DA:355,1
DA:357,53
DA:359,53
DA:361,53
DA:362,3
DA:363,3
DA:366,53
DA:368,53
DA:372,33
DA:376,11
DA:378,10
DA:380,0
DA:381,0
DA:383,0
DA:388,53
DA:390,53
DA:392,53
DA:394,53
DA:395,24
DA:396,20
DA:399,29
DA:401,29
DA:403,29
DA:405,29
DA:406,1
DA:411,28
DA:416,0
DA:420,1
DA:422,340
DA:424,340
DA:425,0
DA:426,0
DA:429,340
DA:431,340
DA:433,340
DA:435,4
DA:437,4
DA:440,340
DA:442,340
DA:444,4
DA:446,4
DA:447,4
DA:450,340
DA:452,12
DA:454,12
DA:456,12
DA:457,0
DA:458,0
DA:461,12
DA:462,24
DA:463,16
DA:465,12
DA:466,12
DA:467,12
DA:469,12
DA:471,12
DA:475,328
DA:478,1
DA:480,622
DA:482,622
DA:484,622
DA:486,622
DA:488,622
DA:490,622
DA:493,622
DA:494,622
DA:495,622
DA:497,622
DA:499,622
DA:501,622
DA:504,1
DA:506,29
DA:508,29
DA:509,263
DA:513,1
DA:515,340
DA:520,6
DA:522,340
DA:523,0
DA:531,340
DA:539,1
DA:541,344
DA:543,344
DA:548,344
DA:550,340
DA:552,340
DA:554,340
DA:556,340
DA:558,4
DA:560,4
DA:562,4
DA:567,336
DA:569,0
DA:571,0
DA:573,0
DA:579,336
DA:581,335
DA:583,335
DA:587,1
DA:589,12
DA:591,12
DA:593,12
DA:606,1
DA:607,0
DA:608,0
DA:611,1
DA:612,0
DA:613,0
DA:616,1
DA:617,0
DA:618,0
DA:621,1
LF:256
LH:215
BRDA:14,1,0,0
BRDA:14,1,1,4
BRDA:14,2,0,4
BRDA:14,2,1,0
BRDA:33,3,0,3
BRDA:33,3,1,1
BRDA:49,4,0,0
BRDA:49,4,1,20
BRDA:61,5,0,0
BRDA:61,5,1,3
BRDA:74,6,0,0
BRDA:74,6,1,0
BRDA:84,7,0,23
BRDA:84,7,1,48
BRDA:90,8,0,0
BRDA:90,8,1,70
BRDA:123,9,0,7
BRDA:123,9,1,9
BRDA:127,10,0,5
BRDA:127,10,1,11
BRDA:139,11,0,16
BRDA:139,11,1,0
BRDA:141,12,0,7
BRDA:141,12,1,9
BRDA:146,13,0,10
BRDA:146,13,1,0
BRDA:154,14,0,3
BRDA:154,14,1,13
BRDA:158,15,0,0
BRDA:158,15,1,16
BRDA:168,16,0,0
BRDA:168,16,1,7
BRDA:172,17,0,35
BRDA:172,17,1,880
BRDA:186,18,0,0
BRDA:186,18,1,10
BRDA:190,19,0,0
BRDA:190,19,1,10
BRDA:194,20,0,0
BRDA:194,20,1,10
BRDA:205,21,0,0
BRDA:205,21,1,0
BRDA:215,22,0,12
BRDA:215,22,1,12
BRDA:217,23,0,0
BRDA:217,23,1,12
BRDA:232,24,0,0
BRDA:232,24,1,4
BRDA:251,25,0,0
BRDA:251,25,1,4
BRDA:257,26,0,0
BRDA:257,26,1,0
BRDA:259,27,0,0
BRDA:259,27,1,0
BRDA:273,28,0,120
BRDA:273,28,1,0
BRDA:275,29,0,0
BRDA:275,29,1,120
BRDA:278,30,0,52
BRDA:278,30,1,68
BRDA:278,31,0,120
BRDA:278,31,1,104
BRDA:280,32,0,52
BRDA:280,32,1,16
BRDA:283,33,0,24
BRDA:283,33,1,28
BRDA:286,34,0,0
BRDA:286,34,1,28
BRDA:289,35,0,0
BRDA:289,35,1,28
BRDA:292,36,0,2
BRDA:292,36,1,26
BRDA:295,37,0,0
BRDA:295,37,1,26
BRDA:301,38,0,0
BRDA:301,38,1,26
BRDA:319,39,0,23
BRDA:319,39,1,6
BRDA:336,40,0,43
BRDA:336,40,1,10
BRDA:348,41,0,0
BRDA:348,41,1,65
BRDA:350,42,0,36
BRDA:350,42,1,29
BRDA:361,43,0,3
BRDA:361,43,1,50
BRDA:368,44,0,20
BRDA:368,44,1,33
BRDA:372,45,0,22
BRDA:372,45,1,11
BRDA:376,46,0,1
BRDA:376,46,1,10
BRDA:378,47,0,0
BRDA:378,47,1,10
BRDA:392,48,0,0
BRDA:392,48,1,53
BRDA:394,49,0,24
BRDA:394,49,1,29
BRDA:395,50,0,4
BRDA:395,50,1,20
BRDA:401,51,0,0
BRDA:401,51,1,29
BRDA:403,52,0,8
BRDA:403,52,1,21
BRDA:405,53,0,1
BRDA:405,53,1,28
BRDA:424,54,0,0
BRDA:424,54,1,340
BRDA:429,55,0,330
BRDA:429,55,1,10
BRDA:431,56,0,336
BRDA:431,56,1,4
BRDA:433,57,0,4
BRDA:433,57,1,336
BRDA:435,58,0,4
BRDA:435,58,1,0
BRDA:442,59,0,4
BRDA:442,59,1,336
BRDA:444,60,0,0
BRDA:444,60,1,4
BRDA:450,61,0,12
BRDA:450,61,1,328
BRDA:454,62,0,0
BRDA:454,62,1,12
BRDA:456,63,0,0
BRDA:456,63,1,12
BRDA:462,64,0,16
BRDA:462,64,1,8
BRDA:482,65,0,622
BRDA:482,65,1,0
BRDA:486,66,0,601
BRDA:486,66,1,21
BRDA:488,67,0,620
BRDA:488,67,1,2
BRDA:490,68,0,0
BRDA:490,68,1,622
BRDA:497,69,0,7
BRDA:497,69,1,615
BRDA:499,70,0,0
BRDA:499,70,1,622
BRDA:499,71,0,0
BRDA:499,71,1,0
BRDA:515,72,0,6
BRDA:515,72,1,334
BRDA:515,73,0,340
BRDA:515,73,1,338
BRDA:515,73,2,338
BRDA:515,73,3,338
BRDA:522,74,0,0
BRDA:522,74,1,340
BRDA:522,75,0,340
BRDA:522,75,1,0
BRDA:548,76,0,4
BRDA:548,76,1,340
BRDA:552,77,0,4
BRDA:552,77,1,336
BRDA:554,78,0,0
BRDA:554,78,1,340
BRDA:554,79,0,340
BRDA:554,79,1,336
BRDA:556,80,0,4
BRDA:556,80,1,336
BRDA:560,81,0,0
BRDA:560,81,1,4
BRDA:567,82,0,0
BRDA:567,82,1,336
BRDA:571,83,0,0
BRDA:571,83,1,0
BRDA:581,84,0,0
BRDA:581,84,1,335
BRDA:591,85,0,0
BRDA:591,85,1,12
BRF:172
BRH:120
end_of_record
TN:
SF:/Users/simonbishop/Documents/Projects/happn-service-mongo-2/lib/config.js
FN:5,Config
FN:9,(anonymous_2)
FN:50,(anonymous_3)
FNF:3
FNH:3
FNDA:7,Config
FNDA:7,(anonymous_2)
FNDA:21,(anonymous_3)
DA:1,1
DA:5,1
DA:9,1
DA:11,7
DA:13,7
DA:15,7
DA:17,7
DA:21,5
DA:23,5
DA:24,5
DA:27,7
DA:29,4
DA:46,7
DA:50,1
DA:52,21
DA:54,21
DA:56,21
DA:58,7
DA:60,7
DA:63,7
DA:64,7
DA:67,14
DA:71,21
DA:73,21
DA:75,21
DA:78,1
LF:26
LH:26
BRDA:13,1,0,6
BRDA:13,1,1,1
BRDA:15,2,0,6
BRDA:15,2,1,1
BRDA:17,3,0,2
BRDA:17,3,1,5
BRDA:27,4,0,4
BRDA:27,4,1,3
BRDA:27,5,0,7
BRDA:27,5,1,3
BRDA:56,6,0,7
BRDA:56,6,1,14
BRDA:60,7,0,7
BRDA:60,7,1,0
BRDA:60,8,0,7
BRDA:60,8,1,7
BRDA:71,9,0,21
BRDA:71,9,1,0
BRDA:71,10,0,21
BRDA:71,10,1,21
BRDA:73,11,0,21
BRDA:73,11,1,0
BRDA:73,12,0,21
BRDA:73,12,1,21
BRF:24
BRH:21
end_of_record
TN:
SF:/Users/simonbishop/Documents/Projects/happn-service-mongo-2/lib/datastore.js
FN:6,DataStore
FN:28,(anonymous_2)
FN:40,(anonymous_3)
FN:44,(anonymous_4)
FN:50,(anonymous_5)
FN:56,(anonymous_6)
FN:68,(anonymous_7)
FN:70,(anonymous_8)
FN:75,(anonymous_9)
FN:80,(anonymous_10)
FN:91,(anonymous_11)
FN:94,(anonymous_12)
FN:98,(anonymous_13)
FN:109,(anonymous_14)
FN:114,(anonymous_15)
FN:123,(anonymous_16)
FN:128,(anonymous_17)
FN:132,(anonymous_18)
FN:144,(anonymous_19)
FN:153,(anonymous_20)
FN:159,(anonymous_21)
FN:170,(anonymous_22)
FN:172,(anonymous_23)
FN:176,(anonymous_24)
FN:189,(anonymous_25)
FN:193,(anonymous_26)
FN:199,(anonymous_27)
FN:225,(anonymous_28)
FN:231,(anonymous_29)
FN:242,(anonymous_30)
FN:247,(anonymous_31)
FN:260,BatchDataItem
FN:269,(anonymous_33)
FN:293,(anonymous_34)
FN:296,(anonymous_35)
FN:309,(anonymous_36)
FN:322,(anonymous_37)
FN:328,(anonymous_38)
FN:341,(anonymous_39)
FN:354,(anonymous_40)
FN:359,(anonymous_41)
FN:361,(anonymous_42)
FN:368,(anonymous_43)
FN:373,(anonymous_44)
FN:379,(anonymous_45)
FNF:45
FNH:30
FNDA:16,DataStore
FNDA:2,(anonymous_2)
FNDA:12,(anonymous_3)
FNDA:4,(anonymous_4)
FNDA:1,(anonymous_5)
FNDA:0,(anonymous_6)
FNDA:2,(anonymous_7)
FNDA:2,(anonymous_8)
FNDA:0,(anonymous_9)
FNDA:0,(anonymous_10)
FNDA:126,(anonymous_11)
FNDA:126,(anonymous_12)
FNDA:126,(anonymous_13)
FNDA:2,(anonymous_14)
FNDA:1,(anonymous_15)
FNDA:1,(anonymous_16)
FNDA:2,(anonymous_17)
FNDA:1,(anonymous_18)
FNDA:1,(anonymous_19)
FNDA:1,(anonymous_20)
FNDA:0,(anonymous_21)
FNDA:0,(anonymous_22)
FNDA:0,(anonymous_23)
FNDA:0,(anonymous_24)
FNDA:16,(anonymous_25)
FNDA:16,(anonymous_26)
FNDA:16,(anonymous_27)
FNDA:16,(anonymous_28)
FNDA:16,(anonymous_29)
FNDA:10,(anonymous_30)
FNDA:51,(anonymous_31)
FNDA:0,BatchDataItem
FNDA:0,(anonymous_33)
FNDA:0,(anonymous_34)
FNDA:0,(anonymous_35)
FNDA:0,(anonymous_36)
FNDA:0,(anonymous_37)
FNDA:0,(anonymous_38)
FNDA:4,(anonymous_39)
FNDA:0,(anonymous_40)
FNDA:336,(anonymous_41)
FNDA:335,(anonymous_42)
FNDA:12,(anonymous_43)
FNDA:16,(anonymous_44)
FNDA:16,(anonymous_45)
DA:1,1
DA:6,1
DA:8,16
DA:10,16
DA:12,16
DA:14,16
DA:16,16
DA:18,2
DA:20,2
DA:23,16
DA:26,1
DA:28,1
DA:30,2
DA:32,2
DA:34,2
DA:36,2
DA:38,2
DA:40,2
DA:42,12
DA:44,4
DA:46,4
DA:48,4
DA:50,1
DA:52,1
DA:54,1
DA:56,0
DA:58,0
DA:63,8
DA:66,2
DA:68,2
DA:70,2
DA:72,2
DA:73,2
DA:75,0
DA:77,0
DA:78,0
DA:80,0
DA:82,0
DA:89,2
DA:91,2
DA:94,126
DA:96,126
DA:98,126
DA:100,126
DA:103,0
DA:107,2
DA:109,2
DA:111,2
DA:114,1
DA:116,1
DA:118,1
DA:123,1
DA:125,1
DA:128,1
DA:130,2
DA:134,1
DA:136,1
DA:142,2
DA:144,2
DA:146,1
DA:147,0
DA:148,0
DA:151,1
DA:153,1
DA:155,1
DA:157,1
DA:159,0
DA:161,0
DA:163,0
DA:168,2
DA:170,2
DA:172,0
DA:174,0
DA:176,0
DA:178,0
DA:180,0
DA:186,2
DA:189,1
DA:191,16
DA:193,16
DA:195,16
DA:197,16
DA:199,16
DA:201,16
DA:203,16
DA:204,14
DA:207,16
DA:209,0
DA:211,0
DA:215,16
DA:216,16
DA:225,16
DA:227,16
DA:229,16
DA:233,16
DA:235,16
DA:242,1
DA:244,10
DA:247,1
DA:249,51
DA:252,10
DA:258,1
DA:260,1
DA:262,0
DA:263,0
DA:264,0
DA:265,0
DA:269,1
DA:271,0
DA:273,0
DA:275,0
DA:277,0
DA:279,0
DA:283,0
DA:285,0
DA:288,0
DA:290,0
DA:293,0
DA:296,0
DA:298,0
DA:300,0
DA:302,0
DA:309,1
DA:311,0
DA:313,0
DA:316,0
DA:319,0
DA:322,1
DA:325,0
DA:328,1
DA:330,0
DA:332,0
DA:335,0
DA:337,0
DA:341,1
DA:343,4
DA:344,0
DA:345,0
DA:349,4
DA:351,4
DA:354,1
DA:356,0
DA:359,1
DA:361,336
DA:362,335
DA:363,335
DA:364,0
DA:368,1
DA:370,12
DA:373,1
DA:375,16
DA:377,16
DA:379,16
DA:381,16
DA:383,16
DA:387,0
LF:156
LH:104
BRDA:8,1,0,0
BRDA:8,1,1,16
BRDA:10,2,0,0
BRDA:10,2,1,16
BRDA:12,3,0,0
BRDA:12,3,1,16
BRDA:14,4,0,16
BRDA:14,4,1,0
BRDA:16,5,0,2
BRDA:16,5,1,14
BRDA:18,6,0,1
BRDA:18,6,1,1
BRDA:20,7,0,1
BRDA:20,7,1,1
BRDA:42,8,0,4
BRDA:42,8,1,8
BRDA:42,9,0,12
BRDA:42,9,1,4
BRDA:46,10,0,0
BRDA:46,10,1,4
BRDA:48,11,0,3
BRDA:48,11,1,1
BRDA:52,12,0,0
BRDA:52,12,1,1
BRDA:54,13,0,1
BRDA:54,13,1,0
BRDA:54,14,0,1
BRDA:54,14,1,1
BRDA:72,15,0,0
BRDA:72,15,1,2
BRDA:73,16,0,2
BRDA:73,16,1,0
BRDA:77,17,0,0
BRDA:77,17,1,0
BRDA:78,18,0,0
BRDA:78,18,1,0
BRDA:96,19,0,0
BRDA:96,19,1,126
BRDA:98,20,0,126
BRDA:98,20,1,0
BRDA:111,21,0,1
BRDA:111,21,1,1
BRDA:111,22,0,2
BRDA:111,22,1,1
BRDA:116,23,0,0
BRDA:116,23,1,1
BRDA:125,24,0,0
BRDA:125,24,1,1
BRDA:134,25,0,0
BRDA:134,25,1,1
BRDA:146,26,0,0
BRDA:146,26,1,1
BRDA:151,27,0,0
BRDA:151,27,1,1
BRDA:155,28,0,0
BRDA:155,28,1,1
BRDA:157,29,0,1
BRDA:157,29,1,0
BRDA:161,30,0,0
BRDA:161,30,1,0
BRDA:174,31,0,0
BRDA:174,31,1,0
BRDA:178,32,0,0
BRDA:178,32,1,0
BRDA:195,33,0,0
BRDA:195,33,1,16
BRDA:203,34,0,2
BRDA:203,34,1,14
BRDA:207,35,0,0
BRDA:207,35,1,16
BRDA:215,36,0,16
BRDA:215,36,1,0
BRDA:233,37,0,0
BRDA:233,37,1,16
BRDA:249,38,0,41
BRDA:249,38,1,10
BRDA:298,39,0,0
BRDA:298,39,1,0
BRDA:316,40,0,0
BRDA:316,40,1,0
BRDA:319,41,0,0
BRDA:319,41,1,0
BRDA:332,42,0,0
BRDA:332,42,1,0
BRDA:335,43,0,0
BRDA:335,43,1,0
BRDA:343,44,0,0
BRDA:343,44,1,4
BRDA:345,45,0,0
BRDA:345,45,1,0
BRDA:349,46,0,0
BRDA:349,46,1,4
BRDA:362,47,0,0
BRDA:362,47,1,335
BRDA:363,48,0,335
BRDA:363,48,1,0
BRDA:381,49,0,0
BRDA:381,49,1,16
BRF:98
BRH:49
end_of_record
